[2025-11-17 19:14:31] [CUSTOM] Code registro: 2917D99598
[2025-11-17 19:16:17] [CUSTOM] Code registro: A73C0D316B
[2025-11-17 19:23:46] [CUSTOM] Error: Credenciales incorrectas.
[2025-11-17 19:23:55] [CUSTOM] Code registro: 590BA7E768
[2025-11-17 19:55:44] [CUSTOM] Code registro: D2E7E89A4F
[2025-11-17 20:24:45] [CUSTOM] Error: Credenciales incorrectas.
[2025-11-17 20:29:57] [CUSTOM] Error: Credenciales incorrectas.
[2025-11-17 20:30:35] [CUSTOM] Code registro: FD5589713B
[2025-11-17 20:30:43] [CUSTOM] Error: Este correo no está registrado.
[2025-11-17 20:30:47] [CUSTOM] Code Recup: E32628C5F7
[2025-11-17 20:45:18] [CUSTOM] Intento de recuperación para correo no existente: aguilar.13rtrt1103jimerna@gmail.com
[2025-11-17 20:45:54] [CUSTOM] Intento de recuperación para correo no existente: aguilar.13rqwdqwdtrt1103jimerna@gmail.com
[2025-11-17 20:46:08] [CUSTOM] Intento de recuperación para correo no existente: user20251117_192354wk
[2025-11-17 20:46:24] [CUSTOM] Code Recup (para cas7d3@gmail.com): 1CD1B558D2
[2025-11-17 20:49:59] [CUSTOM] Intento de recuperación para correo no existente (formato válido): tttttttttttttttmena@gmail.com
[2025-11-17 21:12:03] [CUSTOM] Error: Credenciales incorrectas.
[2025-11-17 21:12:05] [CUSTOM] Error: Credenciales incorrectas.
[2025-11-17 21:12:16] [CUSTOM] Error: Credenciales incorrectas.
[2025-11-17 21:12:29] [CUSTOM] Error: Credenciales incorrectas.
[2025-11-17 21:12:36] [CUSTOM] Error: Credenciales incorrectas.
[2025-11-18 10:55:33] [CUSTOM] Code registro: 4E6FF76C67
[18-Nov-2025 10:56:23 America/Matamoros] PHP Warning:  file_put_contents(E:\xampp\htdocs\ProjectAurora\api/../assets/uploads/avatars/d8be0ab0-a963-4fd9-95b1-32019ca4e5e5.png): Failed to open stream: No such file or directory in E:\xampp\htdocs\ProjectAurora\api\auth_handler.php on line 210
[2025-11-18 11:01:00] [CUSTOM] Code registro: 98837B63B4
