2025-11-24 11:50:30,111 - INFO - === Servidor Aurora Iniciado (Async + Logging Profesional) ===
2025-11-24 11:50:30,228 - INFO - server listening on 0.0.0.0:8080
2025-11-24 11:50:30,632 - INFO - connection open
2025-11-24 11:50:30,648 - WARNING - Intento de conexión fallido. Token inválido.
2025-11-24 11:50:31,511 - INFO - connection open
2025-11-24 11:50:31,515 - WARNING - Intento de conexión fallido. Token inválido.
2025-11-24 11:50:35,577 - INFO - connection open
2025-11-24 11:50:35,584 - INFO - Usuario conectado: ID 1 | Rol: founder | Sesión: e1jdgk3m...
2025-11-24 11:51:20,053 - INFO - === Servidor Aurora Iniciado (Async + Logging Profesional) ===
2025-11-24 11:51:20,122 - INFO - server listening on 0.0.0.0:8080
2025-11-24 11:51:24,107 - INFO - connection open
2025-11-24 11:51:24,111 - INFO - Usuario conectado: ID 1 | Rol: founder | Sesión: e1jdgk3m...
2025-11-24 11:52:57,751 - INFO - âœ… Pool de conexiones a base de datos inicializado.
2025-11-24 11:52:57,788 - INFO - === Servidor Aurora Iniciado (Async + Logging Profesional) ===
2025-11-24 11:52:58,183 - INFO - server listening on 0.0.0.0:8080
2025-11-24 11:52:58,590 - INFO - connection open
2025-11-24 11:52:58,593 - WARNING - Intento de conexiĂ³n fallido. Token invĂ¡lido.
2025-11-24 11:53:01,246 - INFO - connection open
2025-11-24 11:53:01,257 - INFO - Usuario conectado: ID 1 | Rol: founder | SesiĂ³n: e1jdgk3m...
2025-11-24 12:00:10,583 - INFO - connection open
2025-11-24 12:00:10,586 - INFO - Usuario conectado: ID 2 | Rol: user | SesiĂ³n: 43dnubej...
2025-11-24 12:04:52,261 - INFO - Usuario 1 desconectado completamente.
2025-11-24 12:04:54,845 - INFO - connection open
2025-11-24 12:04:54,850 - INFO - Usuario conectado: ID 1 | Rol: founder | SesiĂ³n: e1jdgk3m...
2025-11-24 12:04:59,924 - INFO - Usuario 1 desconectado completamente.
2025-11-24 12:05:00,061 - INFO - connection open
2025-11-24 12:05:00,074 - INFO - Usuario conectado: ID 1 | Rol: founder | SesiĂ³n: e1jdgk3m...
2025-11-24 12:05:11,950 - INFO - Usuario 2 desconectado completamente.
2025-11-24 12:05:12,307 - INFO - connection open
2025-11-24 12:05:12,310 - INFO - Usuario conectado: ID 2 | Rol: user | SesiĂ³n: 43dnubej...
2025-11-24 12:05:26,454 - INFO - Usuario 1 desconectado completamente.
2025-11-24 12:05:26,541 - INFO - connection open
2025-11-24 12:05:26,543 - INFO - Usuario conectado: ID 1 | Rol: founder | SesiĂ³n: e1jdgk3m...
2025-11-24 12:07:07,006 - INFO - Usuario 1 desconectado completamente.
2025-11-24 12:07:07,093 - INFO - connection open
2025-11-24 12:07:07,096 - INFO - Usuario conectado: ID 1 | Rol: founder | SesiĂ³n: e1jdgk3m...
2025-11-24 12:09:46,408 - INFO - Usuario 1 desconectado completamente.
2025-11-24 12:09:47,219 - INFO - connection open
2025-11-24 12:09:47,222 - INFO - Usuario conectado: ID 1 | Rol: founder | SesiĂ³n: e1jdgk3m...
2025-11-24 12:09:47,763 - INFO - Usuario 2 desconectado completamente.
2025-11-24 12:09:48,233 - INFO - connection open
2025-11-24 12:09:48,238 - INFO - Usuario conectado: ID 2 | Rol: user | SesiĂ³n: 43dnubej...
2025-11-24 12:10:43,369 - INFO - Usuario 1 desconectado completamente.
2025-11-24 12:10:43,438 - INFO - connection open
2025-11-24 12:10:43,464 - INFO - Usuario conectado: ID 1 | Rol: founder | SesiĂ³n: e1jdgk3m...
2025-11-24 12:12:17,746 - INFO - Usuario 1 desconectado completamente.
2025-11-24 12:12:18,006 - INFO - connection open
2025-11-24 12:12:18,016 - INFO - Usuario conectado: ID 1 | Rol: founder | SesiĂ³n: e1jdgk3m...
2025-11-24 12:12:43,836 - INFO - Usuario 1 desconectado completamente.
2025-11-24 12:12:44,488 - INFO - connection open
2025-11-24 12:12:44,492 - INFO - Usuario conectado: ID 1 | Rol: founder | SesiĂ³n: e1jdgk3m...
2025-11-24 12:12:45,268 - INFO - Usuario 2 desconectado completamente.
2025-11-24 12:12:45,718 - INFO - connection open
2025-11-24 12:12:45,731 - INFO - Usuario conectado: ID 2 | Rol: user | SesiĂ³n: 43dnubej...
2025-11-24 12:18:24,421 - INFO - Usuario 1 desconectado completamente.
2025-11-24 12:18:24,948 - INFO - connection open
2025-11-24 12:18:24,952 - INFO - Usuario conectado: ID 1 | Rol: founder | SesiĂ³n: e1jdgk3m...
2025-11-24 12:18:25,264 - INFO - Usuario 2 desconectado completamente.
2025-11-24 12:18:25,622 - INFO - connection open
2025-11-24 12:18:25,630 - INFO - Usuario conectado: ID 2 | Rol: user | SesiĂ³n: 43dnubej...
2025-11-24 12:19:15,532 - INFO - Usuario 1 desconectado completamente.
2025-11-24 12:19:15,794 - INFO - connection open
2025-11-24 12:19:15,820 - INFO - Usuario conectado: ID 1 | Rol: founder | SesiĂ³n: e1jdgk3m...
2025-11-24 12:19:17,536 - INFO - Usuario 1 desconectado completamente.
2025-11-24 12:19:17,765 - INFO - connection open
2025-11-24 12:19:17,781 - INFO - Usuario conectado: ID 1 | Rol: founder | SesiĂ³n: e1jdgk3m...
