[10-Dec-2025 11:40:41 America/Mexico_City] PHP Fatal error:  Uncaught Error: Call to undefined function __() in E:\xampp\htdocs\ProjectAurora\includes\sections\settings\your-profile.php:78
Stack trace:
#0 E:\xampp\htdocs\ProjectAurora\public\loader.php(33): include()
#1 {main}
  thrown in E:\xampp\htdocs\ProjectAurora\includes\sections\settings\your-profile.php on line 78
[10-Dec-2025 11:40:50 America/Mexico_City] PHP Fatal error:  Uncaught Error: Call to undefined function __() in E:\xampp\htdocs\ProjectAurora\includes\sections\settings\your-profile.php:78
Stack trace:
#0 E:\xampp\htdocs\ProjectAurora\public\loader.php(33): include()
#1 {main}
  thrown in E:\xampp\htdocs\ProjectAurora\includes\sections\settings\your-profile.php on line 78
[10-Dec-2025 12:09:47 America/Mexico_City] PHP Fatal error:  Uncaught Error: Call to undefined function __() in E:\xampp\htdocs\ProjectAurora\includes\sections\settings\login-security.php:2
Stack trace:
#0 E:\xampp\htdocs\ProjectAurora\public\loader.php(37): include()
#1 {main}
  thrown in E:\xampp\htdocs\ProjectAurora\includes\sections\settings\login-security.php on line 2
[10-Dec-2025 12:09:51 America/Mexico_City] PHP Fatal error:  Uncaught Error: Call to undefined function __() in E:\xampp\htdocs\ProjectAurora\includes\sections\main.php:2
Stack trace:
#0 E:\xampp\htdocs\ProjectAurora\public\loader.php(37): include()
#1 {main}
  thrown in E:\xampp\htdocs\ProjectAurora\includes\sections\main.php on line 2
[10-Dec-2025 12:19:52 America/Mexico_City] PHP Warning:  include(E:\xampp\htdocs\ProjectAurora\public/../includes/sections/404.php): Failed to open stream: No such file or directory in E:\xampp\htdocs\ProjectAurora\public\index.php on line 226
[10-Dec-2025 12:19:54 America/Mexico_City] PHP Warning:  include(): Failed opening 'E:\xampp\htdocs\ProjectAurora\public/../includes/sections/404.php' for inclusion (include_path='C:\xampp\php\PEAR') in E:\xampp\htdocs\ProjectAurora\public\index.php on line 226
[10-Dec-2025 12:19:58 America/Mexico_City] PHP Warning:  include(E:\xampp\htdocs\ProjectAurora\public/../includes/sections/404.php): Failed to open stream: No such file or directory in E:\xampp\htdocs\ProjectAurora\public\index.php on line 226
[10-Dec-2025 12:19:58 America/Mexico_City] PHP Warning:  include(): Failed opening 'E:\xampp\htdocs\ProjectAurora\public/../includes/sections/404.php' for inclusion (include_path='C:\xampp\php\PEAR') in E:\xampp\htdocs\ProjectAurora\public\index.php on line 226
[10-Dec-2025 12:20:03 America/Mexico_City] PHP Warning:  include(E:\xampp\htdocs\ProjectAurora\public/../includes/sections/404.php): Failed to open stream: No such file or directory in E:\xampp\htdocs\ProjectAurora\public\index.php on line 226
[10-Dec-2025 12:20:04 America/Mexico_City] PHP Warning:  include(): Failed opening 'E:\xampp\htdocs\ProjectAurora\public/../includes/sections/404.php' for inclusion (include_path='C:\xampp\php\PEAR') in E:\xampp\htdocs\ProjectAurora\public\index.php on line 226
[10-Dec-2025 12:20:12 America/Mexico_City] PHP Warning:  include(E:\xampp\htdocs\ProjectAurora\public/../includes/sections/404.php): Failed to open stream: No such file or directory in E:\xampp\htdocs\ProjectAurora\public\index.php on line 226
[10-Dec-2025 12:20:12 America/Mexico_City] PHP Warning:  include(): Failed opening 'E:\xampp\htdocs\ProjectAurora\public/../includes/sections/404.php' for inclusion (include_path='C:\xampp\php\PEAR') in E:\xampp\htdocs\ProjectAurora\public\index.php on line 226
[10-Dec-2025 12:20:16 America/Mexico_City] PHP Warning:  include(E:\xampp\htdocs\ProjectAurora\public/../includes/sections/404.php): Failed to open stream: No such file or directory in E:\xampp\htdocs\ProjectAurora\public\index.php on line 226
[10-Dec-2025 12:20:16 America/Mexico_City] PHP Warning:  include(): Failed opening 'E:\xampp\htdocs\ProjectAurora\public/../includes/sections/404.php' for inclusion (include_path='C:\xampp\php\PEAR') in E:\xampp\htdocs\ProjectAurora\public\index.php on line 226
[10-Dec-2025 12:21:20 America/Mexico_City] PHP Warning:  include(E:\xampp\htdocs\ProjectAurora\public/../includes/sections/404.php): Failed to open stream: No such file or directory in E:\xampp\htdocs\ProjectAurora\public\index.php on line 226
[10-Dec-2025 12:21:20 America/Mexico_City] PHP Warning:  include(): Failed opening 'E:\xampp\htdocs\ProjectAurora\public/../includes/sections/404.php' for inclusion (include_path='C:\xampp\php\PEAR') in E:\xampp\htdocs\ProjectAurora\public\index.php on line 226
[10-Dec-2025 12:21:56 America/Mexico_City] PHP Warning:  include(E:\xampp\htdocs\ProjectAurora\public/../includes/sections/404.php): Failed to open stream: No such file or directory in E:\xampp\htdocs\ProjectAurora\public\index.php on line 226
[10-Dec-2025 12:21:56 America/Mexico_City] PHP Warning:  include(): Failed opening 'E:\xampp\htdocs\ProjectAurora\public/../includes/sections/404.php' for inclusion (include_path='C:\xampp\php\PEAR') in E:\xampp\htdocs\ProjectAurora\public\index.php on line 226
[10-Dec-2025 12:28:27 America/Mexico_City] PHP Warning:  include(E:\xampp\htdocs\ProjectAurora\public/../includes/sections/404.php): Failed to open stream: No such file or directory in E:\xampp\htdocs\ProjectAurora\public\index.php on line 226
[10-Dec-2025 12:28:27 America/Mexico_City] PHP Warning:  include(): Failed opening 'E:\xampp\htdocs\ProjectAurora\public/../includes/sections/404.php' for inclusion (include_path='C:\xampp\php\PEAR') in E:\xampp\htdocs\ProjectAurora\public\index.php on line 226
