[2025-12-10 23:18:21] [SessionID: t40733h2dv8eg96ct6g0mhndg4] [Token: 3ec74ecdfc...] -> DB.PHP: session_start() ejecutado. ID: t40733h2dv8eg96ct6g0mhndg4
[2025-12-10 23:18:21] [SessionID: t40733h2dv8eg96ct6g0mhndg4] [Token: 3ec74ecdfc...] -> DB.PHP: session_start() ejecutado. ID: t40733h2dv8eg96ct6g0mhndg4
[2025-12-10 23:18:26] [SessionID: t40733h2dv8eg96ct6g0mhndg4] [Token: 3ec74ecdfc...] -> DB.PHP: session_start() ejecutado. ID: t40733h2dv8eg96ct6g0mhndg4
[2025-12-10 16:18:28] [SessionID: t40733h2dv8eg96ct6g0mhndg4] [Token: 3ec74ecdfc...] -> AUTH_HANDLER: Solicitud entrante POST
[2025-12-10 16:18:28] [SessionID: t40733h2dv8eg96ct6g0mhndg4] [Token: 3ec74ecdfc...] -> ------------------------------------------------
[2025-12-10 16:18:28] [SessionID: t40733h2dv8eg96ct6g0mhndg4] [Token: 3ec74ecdfc...] -> ACCION: login
[2025-12-10 16:18:28] [SessionID: t40733h2dv8eg96ct6g0mhndg4] [Token: 3ec74ecdfc...] -> TOKEN RECIBIDO (POST): 3ec74ecdfc346507d7d141d72918795fa8fbb7d3705543c4099bff9785e002ac
[2025-12-10 16:18:28] [SessionID: t40733h2dv8eg96ct6g0mhndg4] [Token: 3ec74ecdfc...] -> TOKEN EN SESION:       3ec74ecdfc346507d7d141d72918795fa8fbb7d3705543c4099bff9785e002ac
[2025-12-10 16:18:28] [SessionID: t40733h2dv8eg96ct6g0mhndg4] [Token: 3ec74ecdfc...] -> SESSION ID ACTUAL:     t40733h2dv8eg96ct6g0mhndg4
[2025-12-10 16:18:28] [SessionID: t40733h2dv8eg96ct6g0mhndg4] [Token: 3ec74ecdfc...] -> CSRF OK. Procediendo...
[2025-12-10 16:18:28] [SessionID: t40733h2dv8eg96ct6g0mhndg4] [Token: 3ec74ecdfc...] -> LOGIN: Credenciales válidas para usuario ID 3
[2025-12-10 16:18:28] [SessionID: t40733h2dv8eg96ct6g0mhndg4] [Token: 3ec74ecdfc...] -> LOGIN: ID Sesión antes de regenerar: t40733h2dv8eg96ct6g0mhndg4
[2025-12-10 16:18:28] [SessionID: t40733h2dv8eg96ct6g0mhndg4] [Token: 3ec74ecdfc...] -> LOGIN: ID Sesión después de regenerar: t40733h2dv8eg96ct6g0mhndg4
[2025-12-10 16:18:28] [SessionID: t40733h2dv8eg96ct6g0mhndg4] [Token: 3ec74ecdfc...] -> LOGIN: 2FA activado. Guardado temp_2fa_user_id en sesión. Token actual: 3ec74ecdfc346507d7d141d72918795fa8fbb7d3705543c4099bff9785e002ac
[2025-12-10 23:18:28] [SessionID: t40733h2dv8eg96ct6g0mhndg4] [Token: 3ec74ecdfc...] -> DB.PHP: session_start() ejecutado. ID: t40733h2dv8eg96ct6g0mhndg4
[2025-12-10 23:18:31] [SessionID: t40733h2dv8eg96ct6g0mhndg4] [Token: NO_TOKEN...] -> DB.PHP: session_start() ejecutado. ID: t40733h2dv8eg96ct6g0mhndg4
[2025-12-10 16:18:31] [SessionID: t40733h2dv8eg96ct6g0mhndg4] [Token: dc0e9f3525...] -> DB.PHP: Nuevo CSRF Token generado: dc0e9f3525dbf687e68ddc7ef76b3f0a489043d35dd7d4ecd2ac959afc80197d
[2025-12-10 16:18:31] [SessionID: t40733h2dv8eg96ct6g0mhndg4] [Token: dc0e9f3525...] -> AUTH_HANDLER: Solicitud entrante POST
[2025-12-10 16:18:31] [SessionID: t40733h2dv8eg96ct6g0mhndg4] [Token: dc0e9f3525...] -> ------------------------------------------------
[2025-12-10 16:18:31] [SessionID: t40733h2dv8eg96ct6g0mhndg4] [Token: dc0e9f3525...] -> ACCION: verify_2fa_login
[2025-12-10 16:18:31] [SessionID: t40733h2dv8eg96ct6g0mhndg4] [Token: dc0e9f3525...] -> TOKEN RECIBIDO (POST): 3ec74ecdfc346507d7d141d72918795fa8fbb7d3705543c4099bff9785e002ac
[2025-12-10 16:18:31] [SessionID: t40733h2dv8eg96ct6g0mhndg4] [Token: dc0e9f3525...] -> TOKEN EN SESION:       dc0e9f3525dbf687e68ddc7ef76b3f0a489043d35dd7d4ecd2ac959afc80197d
[2025-12-10 16:18:31] [SessionID: t40733h2dv8eg96ct6g0mhndg4] [Token: dc0e9f3525...] -> SESSION ID ACTUAL:     t40733h2dv8eg96ct6g0mhndg4
[2025-12-10 16:18:31] [SessionID: t40733h2dv8eg96ct6g0mhndg4] [Token: dc0e9f3525...] -> !!! ERROR CRITICO: CSRF MISMATCH !!!
[2025-12-10 16:18:31] [SessionID: t40733h2dv8eg96ct6g0mhndg4] [Token: dc0e9f3525...] -> Posible causa: Sesión regenerada o perdida.
[2025-12-10 23:21:09] [SessionID: t40733h2dv8eg96ct6g0mhndg4] [Token: dc0e9f3525...] -> DB.PHP: session_start() ejecutado. ID: t40733h2dv8eg96ct6g0mhndg4
[2025-12-10 23:21:10] [SessionID: t40733h2dv8eg96ct6g0mhndg4] [Token: dc0e9f3525...] -> DB.PHP: session_start() ejecutado. ID: t40733h2dv8eg96ct6g0mhndg4
[2025-12-10 23:21:15] [SessionID: t40733h2dv8eg96ct6g0mhndg4] [Token: dc0e9f3525...] -> DB.PHP: session_start() ejecutado. ID: t40733h2dv8eg96ct6g0mhndg4
[2025-12-10 16:21:15] [SessionID: t40733h2dv8eg96ct6g0mhndg4] [Token: dc0e9f3525...] -> AUTH_HANDLER: Solicitud entrante POST
[2025-12-10 16:21:15] [SessionID: t40733h2dv8eg96ct6g0mhndg4] [Token: dc0e9f3525...] -> ------------------------------------------------
[2025-12-10 16:21:15] [SessionID: t40733h2dv8eg96ct6g0mhndg4] [Token: dc0e9f3525...] -> ACCION: login
[2025-12-10 16:21:15] [SessionID: t40733h2dv8eg96ct6g0mhndg4] [Token: dc0e9f3525...] -> TOKEN RECIBIDO (POST): dc0e9f3525dbf687e68ddc7ef76b3f0a489043d35dd7d4ecd2ac959afc80197d
[2025-12-10 16:21:15] [SessionID: t40733h2dv8eg96ct6g0mhndg4] [Token: dc0e9f3525...] -> TOKEN EN SESION:       dc0e9f3525dbf687e68ddc7ef76b3f0a489043d35dd7d4ecd2ac959afc80197d
[2025-12-10 16:21:15] [SessionID: t40733h2dv8eg96ct6g0mhndg4] [Token: dc0e9f3525...] -> SESSION ID ACTUAL:     t40733h2dv8eg96ct6g0mhndg4
[2025-12-10 16:21:15] [SessionID: t40733h2dv8eg96ct6g0mhndg4] [Token: dc0e9f3525...] -> CSRF OK. Procediendo...
[2025-12-10 16:21:16] [SessionID: t40733h2dv8eg96ct6g0mhndg4] [Token: dc0e9f3525...] -> LOGIN: Credenciales válidas para usuario ID 3
[2025-12-10 16:21:16] [SessionID: t40733h2dv8eg96ct6g0mhndg4] [Token: dc0e9f3525...] -> LOGIN: ID Sesión antes de regenerar: t40733h2dv8eg96ct6g0mhndg4
[2025-12-10 16:21:16] [SessionID: t40733h2dv8eg96ct6g0mhndg4] [Token: dc0e9f3525...] -> LOGIN: ID Sesión después de regenerar: t40733h2dv8eg96ct6g0mhndg4
[2025-12-10 16:21:16] [SessionID: t40733h2dv8eg96ct6g0mhndg4] [Token: dc0e9f3525...] -> LOGIN: 2FA activado. Guardado temp_2fa_user_id en sesión. Token actual: dc0e9f3525dbf687e68ddc7ef76b3f0a489043d35dd7d4ecd2ac959afc80197d
[2025-12-10 23:21:16] [SessionID: t40733h2dv8eg96ct6g0mhndg4] [Token: dc0e9f3525...] -> DB.PHP: session_start() ejecutado. ID: t40733h2dv8eg96ct6g0mhndg4
[2025-12-10 23:21:20] [SessionID: t40733h2dv8eg96ct6g0mhndg4] [Token: dc0e9f3525...] -> DB.PHP: session_start() ejecutado. ID: t40733h2dv8eg96ct6g0mhndg4
[2025-12-10 16:21:21] [SessionID: t40733h2dv8eg96ct6g0mhndg4] [Token: dc0e9f3525...] -> AUTH_HANDLER: Solicitud entrante POST
[2025-12-10 16:21:21] [SessionID: t40733h2dv8eg96ct6g0mhndg4] [Token: dc0e9f3525...] -> ------------------------------------------------
[2025-12-10 16:21:21] [SessionID: t40733h2dv8eg96ct6g0mhndg4] [Token: dc0e9f3525...] -> ACCION: verify_2fa_login
[2025-12-10 16:21:21] [SessionID: t40733h2dv8eg96ct6g0mhndg4] [Token: dc0e9f3525...] -> TOKEN RECIBIDO (POST): dc0e9f3525dbf687e68ddc7ef76b3f0a489043d35dd7d4ecd2ac959afc80197d
[2025-12-10 16:21:21] [SessionID: t40733h2dv8eg96ct6g0mhndg4] [Token: dc0e9f3525...] -> TOKEN EN SESION:       dc0e9f3525dbf687e68ddc7ef76b3f0a489043d35dd7d4ecd2ac959afc80197d
[2025-12-10 16:21:21] [SessionID: t40733h2dv8eg96ct6g0mhndg4] [Token: dc0e9f3525...] -> SESSION ID ACTUAL:     t40733h2dv8eg96ct6g0mhndg4
[2025-12-10 16:21:21] [SessionID: t40733h2dv8eg96ct6g0mhndg4] [Token: dc0e9f3525...] -> CSRF OK. Procediendo...
[2025-12-10 16:21:22] [SessionID: t40733h2dv8eg96ct6g0mhndg4] [Token: dc0e9f3525...] -> VERIFY_2FA: Intentando verificar código...
[2025-12-10 16:21:22] [SessionID: t40733h2dv8eg96ct6g0mhndg4] [Token: dc0e9f3525...] -> VERIFY_2FA: Código inválido.
[2025-12-10 23:21:41] [SessionID: t40733h2dv8eg96ct6g0mhndg4] [Token: dc0e9f3525...] -> DB.PHP: session_start() ejecutado. ID: t40733h2dv8eg96ct6g0mhndg4
[2025-12-10 16:21:41] [SessionID: t40733h2dv8eg96ct6g0mhndg4] [Token: dc0e9f3525...] -> AUTH_HANDLER: Solicitud entrante POST
[2025-12-10 16:21:41] [SessionID: t40733h2dv8eg96ct6g0mhndg4] [Token: dc0e9f3525...] -> ------------------------------------------------
[2025-12-10 16:21:41] [SessionID: t40733h2dv8eg96ct6g0mhndg4] [Token: dc0e9f3525...] -> ACCION: verify_2fa_login
[2025-12-10 16:21:41] [SessionID: t40733h2dv8eg96ct6g0mhndg4] [Token: dc0e9f3525...] -> TOKEN RECIBIDO (POST): dc0e9f3525dbf687e68ddc7ef76b3f0a489043d35dd7d4ecd2ac959afc80197d
[2025-12-10 16:21:41] [SessionID: t40733h2dv8eg96ct6g0mhndg4] [Token: dc0e9f3525...] -> TOKEN EN SESION:       dc0e9f3525dbf687e68ddc7ef76b3f0a489043d35dd7d4ecd2ac959afc80197d
[2025-12-10 16:21:41] [SessionID: t40733h2dv8eg96ct6g0mhndg4] [Token: dc0e9f3525...] -> SESSION ID ACTUAL:     t40733h2dv8eg96ct6g0mhndg4
[2025-12-10 16:21:41] [SessionID: t40733h2dv8eg96ct6g0mhndg4] [Token: dc0e9f3525...] -> CSRF OK. Procediendo...
[2025-12-10 16:21:41] [SessionID: t40733h2dv8eg96ct6g0mhndg4] [Token: dc0e9f3525...] -> VERIFY_2FA: Intentando verificar código...
[2025-12-10 16:21:41] [SessionID: t40733h2dv8eg96ct6g0mhndg4] [Token: dc0e9f3525...] -> VERIFY_2FA: Exitoso. Usuario logueado.
[2025-12-10 23:21:41] [SessionID: t40733h2dv8eg96ct6g0mhndg4] [Token: dc0e9f3525...] -> DB.PHP: session_start() ejecutado. ID: t40733h2dv8eg96ct6g0mhndg4
