2025-11-30 18:06:48,761 - INFO - connection open
2025-11-30 18:06:48,799 - INFO - Usuario conectado: ID 1 | Rol: founder
2025-11-30 18:06:51,779 - INFO - connection open
2025-11-30 18:06:51,789 - INFO - Usuario conectado: ID 1 | Rol: founder
2025-11-30 18:07:57,053 - INFO - connection open
2025-11-30 18:07:57,070 - INFO - Usuario conectado: ID 1 | Rol: founder
2025-11-30 18:10:43,447 - INFO - connection open
2025-11-30 18:10:43,471 - INFO - Usuario conectado: ID 1 | Rol: founder
2025-11-30 18:18:53,624 - INFO - ✅ Pool de conexiones a base de datos inicializado (Max 20).
2025-11-30 18:18:53,625 - INFO - ✅ Conexión a Redis inicializada.
2025-11-30 18:18:53,636 - INFO - === Servidor Aurora Iniciado (Fix Race Condition + Idempotencia) ===
2025-11-30 18:18:53,880 - INFO - server listening on 0.0.0.0:8080
2025-11-30 18:18:54,202 - INFO - connection open
2025-11-30 18:19:11,502 - INFO - connection open
2025-11-30 18:19:11,523 - INFO - Usuario conectado: ID 1 | Rol: founder
2025-11-30 18:19:16,390 - INFO - connection open
2025-11-30 18:19:16,422 - INFO - Usuario conectado: ID 1 | Rol: founder
2025-11-30 18:20:12,662 - INFO - ✅ Pool de conexiones a base de datos inicializado (Max 20).
2025-11-30 18:20:12,672 - INFO - ✅ Conexión a Redis inicializada.
2025-11-30 18:20:12,702 - INFO - === Servidor Aurora Iniciado (Fix Race Condition + Idempotencia) ===
2025-11-30 18:20:12,744 - INFO - server listening on 0.0.0.0:8080
2025-11-30 18:20:13,169 - INFO - connection open
2025-11-30 18:20:13,176 - INFO - Usuario conectado: ID 1 | Rol: founder
2025-11-30 18:21:42,342 - INFO - connection open
2025-11-30 18:21:42,375 - INFO - Usuario conectado: ID 1 | Rol: founder
2025-11-30 18:23:34,568 - INFO - connection open
2025-11-30 18:23:34,603 - INFO - Usuario conectado: ID 2 | Rol: user
2025-11-30 18:25:07,490 - INFO - connection open
2025-11-30 18:25:07,504 - INFO - Usuario conectado: ID 1 | Rol: founder
2025-11-30 18:25:26,304 - INFO - connection open
2025-11-30 18:25:26,314 - INFO - Usuario conectado: ID 1 | Rol: founder
2025-11-30 18:25:28,376 - INFO - connection open
2025-11-30 18:25:28,386 - INFO - Usuario conectado: ID 2 | Rol: user
2025-11-30 18:25:52,323 - INFO - connection open
2025-11-30 18:25:52,335 - INFO - Usuario conectado: ID 2 | Rol: user
2025-11-30 18:25:57,673 - INFO - connection open
2025-11-30 18:25:57,679 - INFO - Usuario conectado: ID 2 | Rol: user
2025-11-30 18:26:08,955 - INFO - connection open
2025-11-30 18:26:08,971 - INFO - Usuario conectado: ID 1 | Rol: founder
2025-11-30 18:28:57,126 - INFO - connection open
2025-11-30 18:28:57,139 - INFO - Usuario conectado: ID 1 | Rol: founder
2025-11-30 18:31:04,320 - INFO - connection open
2025-11-30 18:31:04,324 - INFO - Usuario conectado: ID 1 | Rol: founder
2025-11-30 18:33:35,669 - INFO - connection open
2025-11-30 18:33:35,679 - INFO - Usuario conectado: ID 1 | Rol: founder
2025-11-30 18:33:53,046 - INFO - connection open
2025-11-30 18:33:53,054 - INFO - Usuario conectado: ID 1 | Rol: founder
2025-11-30 18:37:48,234 - INFO - connection open
2025-11-30 18:37:48,243 - INFO - Usuario conectado: ID 2 | Rol: user
2025-11-30 18:39:08,671 - INFO - 💾 Intentando guardar 10 mensajes de chat:buffer:channel:1 a MySQL...
2025-11-30 18:39:12,906 - INFO - ✅ Flush exitoso y confirmado: 10 mensajes procesados.
2025-11-30 18:39:21,820 - INFO - connection open
2025-11-30 18:39:21,839 - INFO - Usuario conectado: ID 2 | Rol: user
2025-11-30 18:39:24,412 - INFO - connection open
2025-11-30 18:39:24,417 - INFO - Usuario conectado: ID 1 | Rol: founder
2025-11-30 18:42:37,460 - INFO - connection open
2025-11-30 18:42:37,465 - INFO - Usuario conectado: ID 1 | Rol: founder
2025-11-30 18:44:46,942 - INFO - connection open
2025-11-30 18:44:46,947 - INFO - Usuario conectado: ID 1 | Rol: founder
2025-11-30 18:45:06,755 - INFO - connection open
2025-11-30 18:45:06,759 - INFO - Usuario conectado: ID 1 | Rol: founder
2025-11-30 18:45:23,966 - INFO - connection open
2025-11-30 18:45:23,977 - INFO - Usuario conectado: ID 1 | Rol: founder
2025-11-30 18:45:35,658 - INFO - connection open
2025-11-30 18:45:35,661 - INFO - Usuario conectado: ID 1 | Rol: founder
2025-11-30 18:46:46,561 - INFO - connection open
2025-11-30 18:46:46,574 - INFO - Usuario conectado: ID 1 | Rol: founder
2025-11-30 18:46:49,034 - INFO - connection open
2025-11-30 18:46:49,065 - INFO - Usuario conectado: ID 1 | Rol: founder
2025-11-30 18:48:07,150 - INFO - connection open
2025-11-30 18:48:07,160 - INFO - Usuario conectado: ID 1 | Rol: founder
2025-11-30 19:26:26,979 - INFO - connection open
2025-11-30 19:26:27,158 - INFO - Usuario conectado: ID 1 | Rol: user
2025-11-30 19:26:44,760 - INFO - connection open
2025-11-30 19:26:44,766 - INFO - Usuario conectado: ID 1 | Rol: founder
2025-11-30 19:27:21,545 - INFO - connection open
2025-11-30 19:27:21,550 - INFO - Usuario conectado: ID 1 | Rol: founder
2025-11-30 19:27:36,127 - INFO - connection open
2025-11-30 19:27:36,129 - INFO - Usuario conectado: ID 1 | Rol: founder
2025-11-30 19:27:38,499 - INFO - connection open
2025-11-30 19:27:38,503 - INFO - Usuario conectado: ID 1 | Rol: founder
2025-11-30 19:28:37,166 - INFO - ✅ Pool de conexiones a base de datos inicializado (Max 20).
2025-11-30 19:28:37,206 - INFO - ✅ Conexión a Redis inicializada.
2025-11-30 19:28:37,276 - INFO - === Servidor Aurora Iniciado (Fix Race Condition + Idempotencia) ===
2025-11-30 19:28:38,035 - INFO - server listening on 0.0.0.0:8080
2025-11-30 19:28:40,778 - INFO - connection open
2025-11-30 19:28:40,781 - INFO - Usuario conectado: ID 1 | Rol: founder
2025-11-30 19:28:41,780 - INFO - connection open
2025-11-30 19:28:41,823 - INFO - Usuario conectado: ID 1 | Rol: founder
2025-11-30 19:29:18,014 - INFO - connection open
2025-11-30 19:29:18,030 - INFO - Usuario conectado: ID 2 | Rol: user
2025-11-30 19:29:57,374 - INFO - connection open
2025-11-30 19:29:57,379 - INFO - Usuario conectado: ID 1 | Rol: founder
2025-11-30 19:31:52,904 - INFO - connection open
2025-11-30 19:31:52,907 - INFO - Usuario conectado: ID 1 | Rol: founder
2025-11-30 19:33:37,559 - INFO - connection open
2025-11-30 19:33:37,589 - INFO - Usuario conectado: ID 1 | Rol: founder
2025-11-30 19:34:22,388 - INFO - connection open
2025-11-30 19:34:22,402 - INFO - Usuario conectado: ID 1 | Rol: founder
2025-11-30 19:34:32,563 - INFO - connection open
2025-11-30 19:34:32,575 - INFO - Usuario conectado: ID 1 | Rol: founder
2025-11-30 19:34:46,083 - INFO - connection open
2025-11-30 19:34:46,097 - INFO - Usuario conectado: ID 1 | Rol: founder
2025-11-30 19:34:56,147 - INFO - connection open
2025-11-30 19:34:56,163 - INFO - Usuario conectado: ID 1 | Rol: founder
2025-11-30 19:36:25,982 - INFO - connection open
2025-11-30 19:36:25,990 - INFO - Usuario conectado: ID 1 | Rol: founder
2025-11-30 19:37:23,333 - INFO - connection open
2025-11-30 19:37:23,343 - INFO - Usuario conectado: ID 1 | Rol: founder
2025-11-30 19:38:09,790 - INFO - connection open
2025-11-30 19:38:09,802 - INFO - Usuario conectado: ID 1 | Rol: founder
2025-11-30 19:38:18,636 - INFO - connection open
2025-11-30 19:38:18,658 - INFO - Usuario conectado: ID 1 | Rol: founder
2025-11-30 19:38:53,784 - INFO - connection open
2025-11-30 19:38:53,835 - INFO - Usuario conectado: ID 1 | Rol: founder
2025-11-30 19:48:54,552 - INFO - connection open
2025-11-30 19:48:54,609 - INFO - Usuario conectado: ID 1 | Rol: founder
2025-11-30 19:56:40,506 - INFO - connection open
2025-11-30 19:56:40,699 - INFO - Usuario conectado: ID 1 | Rol: founder
2025-11-30 20:18:41,251 - INFO - connection open
2025-11-30 20:18:41,299 - INFO - Usuario conectado: ID 1 | Rol: founder
2025-11-30 20:19:13,993 - INFO - connection open
2025-11-30 20:19:14,007 - INFO - Usuario conectado: ID 2 | Rol: user
2025-11-30 20:19:33,480 - INFO - connection open
2025-11-30 20:19:33,514 - INFO - Usuario conectado: ID 2 | Rol: user
2025-11-30 20:19:40,338 - INFO - connection open
2025-11-30 20:19:40,340 - INFO - Usuario conectado: ID 2 | Rol: user
2025-11-30 20:19:41,252 - INFO - connection open
2025-11-30 20:19:41,271 - INFO - Usuario conectado: ID 2 | Rol: user
2025-11-30 20:21:01,051 - INFO - connection open
2025-11-30 20:21:01,058 - INFO - Usuario conectado: ID 2 | Rol: user
2025-11-30 20:38:31,292 - INFO - connection open
2025-11-30 20:38:31,337 - INFO - Usuario conectado: ID 1 | Rol: founder
2025-11-30 20:42:33,101 - INFO - connection open
2025-11-30 20:42:33,112 - INFO - Usuario conectado: ID 1 | Rol: founder
2025-11-30 20:46:54,623 - INFO - connection open
2025-11-30 20:46:54,658 - INFO - Usuario conectado: ID 1 | Rol: founder
2025-11-30 20:47:47,045 - INFO - connection open
2025-11-30 20:47:47,423 - INFO - Usuario conectado: ID 2 | Rol: user
2025-11-30 20:51:12,387 - INFO - connection open
2025-11-30 20:51:12,409 - INFO - Usuario conectado: ID 1 | Rol: founder
2025-11-30 20:52:01,615 - INFO - connection open
2025-11-30 20:52:01,643 - INFO - Usuario conectado: ID 1 | Rol: founder
2025-11-30 20:52:15,087 - INFO - connection open
2025-11-30 20:52:15,101 - INFO - Usuario conectado: ID 1 | Rol: founder
2025-11-30 20:52:16,173 - INFO - connection open
2025-11-30 20:52:16,200 - INFO - Usuario conectado: ID 1 | Rol: founder
2025-11-30 20:52:54,796 - INFO - connection open
2025-11-30 20:52:54,801 - INFO - Usuario conectado: ID 1 | Rol: founder
2025-11-30 20:53:36,779 - INFO - connection open
2025-11-30 20:53:36,790 - INFO - Usuario conectado: ID 1 | Rol: founder
2025-11-30 20:54:06,633 - INFO - connection open
2025-11-30 20:54:06,642 - INFO - Usuario conectado: ID 2 | Rol: user
2025-11-30 20:54:26,289 - INFO - connection open
2025-11-30 20:54:26,487 - INFO - Usuario conectado: ID 1 | Rol: founder
2025-11-30 20:55:09,222 - INFO - connection open
2025-11-30 20:55:09,228 - INFO - Usuario conectado: ID 1 | Rol: founder
2025-11-30 20:55:10,363 - INFO - connection open
2025-11-30 20:55:10,372 - INFO - Usuario conectado: ID 2 | Rol: user
2025-11-30 20:56:37,050 - INFO - connection open
2025-11-30 20:56:37,057 - INFO - Usuario conectado: ID 1 | Rol: founder
2025-11-30 20:56:39,974 - INFO - connection open
2025-11-30 20:56:39,982 - INFO - Usuario conectado: ID 1 | Rol: founder
2025-11-30 20:56:47,872 - INFO - connection open
2025-11-30 20:56:47,878 - INFO - Usuario conectado: ID 1 | Rol: founder
2025-11-30 20:57:11,835 - INFO - connection open
2025-11-30 20:57:11,853 - INFO - Usuario conectado: ID 1 | Rol: founder
2025-11-30 21:08:40,139 - INFO - connection open
2025-11-30 21:08:40,198 - INFO - Usuario conectado: ID 1 | Rol: founder
2025-11-30 21:12:44,439 - INFO - connection open
2025-11-30 21:12:44,514 - INFO - Usuario conectado: ID 1 | Rol: founder
2025-11-30 21:12:50,237 - INFO - connection open
2025-11-30 21:12:50,243 - INFO - Usuario conectado: ID 2 | Rol: user
2025-11-30 21:12:57,436 - INFO - 💾 Intentando guardar 10 mensajes de chat:buffer:private:1:2 a MySQL...
2025-11-30 21:12:57,662 - INFO - 💾 Intentando guardar 10 mensajes de chat:buffer:private:1:2 a MySQL...
2025-11-30 21:12:58,295 - INFO - 💾 Intentando guardar 10 mensajes de chat:buffer:private:1:2 a MySQL...
2025-11-30 21:12:58,355 - INFO - 💾 Intentando guardar 10 mensajes de chat:buffer:private:1:2 a MySQL...
2025-11-30 21:12:58,401 - INFO - 💾 Intentando guardar 10 mensajes de chat:buffer:private:1:2 a MySQL...
2025-11-30 21:12:58,624 - INFO - 💾 Intentando guardar 10 mensajes de chat:buffer:private:1:2 a MySQL...
2025-11-30 21:12:58,956 - CRITICAL - ❌ Error CRÍTICO en flush_chat_buffer (Datos preservados en Redis): (1213, 'Deadlock found when trying to get lock; try restarting transaction')
2025-11-30 21:12:58,991 - CRITICAL - ❌ Error CRÍTICO en flush_chat_buffer (Datos preservados en Redis): (1213, 'Deadlock found when trying to get lock; try restarting transaction')
2025-11-30 21:12:59,618 - INFO - ✅ Flush exitoso y confirmado: 10 mensajes procesados.
2025-11-30 21:12:59,698 - INFO - ✅ Flush exitoso y confirmado: 10 mensajes procesados.
2025-11-30 21:12:59,828 - INFO - ✅ Flush exitoso y confirmado: 10 mensajes procesados.
2025-11-30 21:13:01,903 - INFO - ✅ Flush exitoso y confirmado: 10 mensajes procesados.
2025-11-30 21:13:50,093 - INFO - connection open
2025-11-30 21:13:50,113 - INFO - Usuario conectado: ID 1 | Rol: founder
2025-11-30 21:20:22,223 - INFO - connection open
2025-11-30 21:20:22,245 - INFO - Usuario conectado: ID 1 | Rol: founder
2025-11-30 21:22:54,544 - INFO - connection open
2025-11-30 21:22:54,557 - INFO - Usuario conectado: ID 1 | Rol: founder
2025-12-01 12:31:46,174 - INFO - connection open
2025-12-01 12:31:46,880 - ERROR - Exception in callback _ProactorBasePipeTransport._call_connection_lost()
handle: <Handle _ProactorBasePipeTransport._call_connection_lost()>
Traceback (most recent call last):
  File "C:\Users\jorge\AppData\Local\Programs\Python\Python313\Lib\asyncio\events.py", line 89, in _run
    self._context.run(self._callback, *self._args)
    ~~~~~~~~~~~~~~~~~^^^^^^^^^^^^^^^^^^^^^^^^^^^^^
  File "C:\Users\jorge\AppData\Local\Programs\Python\Python313\Lib\asyncio\proactor_events.py", line 165, in _call_connection_lost
    self._sock.shutdown(socket.SHUT_RDWR)
    ~~~~~~~~~~~~~~~~~~~^^^^^^^^^^^^^^^^^^
ConnectionResetError: [WinError 10054] Se ha forzado la interrupción de una conexión existente por el host remoto
2025-12-01 12:31:48,097 - ERROR - Exception in callback _ProactorBasePipeTransport._call_connection_lost()
handle: <Handle _ProactorBasePipeTransport._call_connection_lost()>
Traceback (most recent call last):
  File "C:\Users\jorge\AppData\Local\Programs\Python\Python313\Lib\asyncio\events.py", line 89, in _run
    self._context.run(self._callback, *self._args)
    ~~~~~~~~~~~~~~~~~^^^^^^^^^^^^^^^^^^^^^^^^^^^^^
  File "C:\Users\jorge\AppData\Local\Programs\Python\Python313\Lib\asyncio\proactor_events.py", line 165, in _call_connection_lost
    self._sock.shutdown(socket.SHUT_RDWR)
    ~~~~~~~~~~~~~~~~~~~^^^^^^^^^^^^^^^^^^
ConnectionResetError: [WinError 10054] Se ha forzado la interrupción de una conexión existente por el host remoto
2025-12-01 12:31:48,100 - ERROR - Exception in callback _ProactorBasePipeTransport._call_connection_lost()
handle: <Handle _ProactorBasePipeTransport._call_connection_lost()>
Traceback (most recent call last):
  File "C:\Users\jorge\AppData\Local\Programs\Python\Python313\Lib\asyncio\events.py", line 89, in _run
    self._context.run(self._callback, *self._args)
    ~~~~~~~~~~~~~~~~~^^^^^^^^^^^^^^^^^^^^^^^^^^^^^
  File "C:\Users\jorge\AppData\Local\Programs\Python\Python313\Lib\asyncio\proactor_events.py", line 165, in _call_connection_lost
    self._sock.shutdown(socket.SHUT_RDWR)
    ~~~~~~~~~~~~~~~~~~~^^^^^^^^^^^^^^^^^^
ConnectionResetError: [WinError 10054] Se ha forzado la interrupción de una conexión existente por el host remoto
2025-12-01 12:31:48,103 - ERROR - Exception in callback _ProactorBasePipeTransport._call_connection_lost()
handle: <Handle _ProactorBasePipeTransport._call_connection_lost()>
Traceback (most recent call last):
  File "C:\Users\jorge\AppData\Local\Programs\Python\Python313\Lib\asyncio\events.py", line 89, in _run
    self._context.run(self._callback, *self._args)
    ~~~~~~~~~~~~~~~~~^^^^^^^^^^^^^^^^^^^^^^^^^^^^^
  File "C:\Users\jorge\AppData\Local\Programs\Python\Python313\Lib\asyncio\proactor_events.py", line 165, in _call_connection_lost
    self._sock.shutdown(socket.SHUT_RDWR)
    ~~~~~~~~~~~~~~~~~~~^^^^^^^^^^^^^^^^^^
ConnectionResetError: [WinError 10054] Se ha forzado la interrupción de una conexión existente por el host remoto
2025-12-01 12:31:48,133 - ERROR - Exception in callback _ProactorBasePipeTransport._call_connection_lost()
handle: <Handle _ProactorBasePipeTransport._call_connection_lost()>
Traceback (most recent call last):
  File "C:\Users\jorge\AppData\Local\Programs\Python\Python313\Lib\asyncio\events.py", line 89, in _run
    self._context.run(self._callback, *self._args)
    ~~~~~~~~~~~~~~~~~^^^^^^^^^^^^^^^^^^^^^^^^^^^^^
  File "C:\Users\jorge\AppData\Local\Programs\Python\Python313\Lib\asyncio\proactor_events.py", line 165, in _call_connection_lost
    self._sock.shutdown(socket.SHUT_RDWR)
    ~~~~~~~~~~~~~~~~~~~^^^^^^^^^^^^^^^^^^
ConnectionResetError: [WinError 10054] Se ha forzado la interrupción de una conexión existente por el host remoto
2025-12-01 12:31:48,144 - ERROR - Exception in callback _ProactorBasePipeTransport._call_connection_lost()
handle: <Handle _ProactorBasePipeTransport._call_connection_lost()>
Traceback (most recent call last):
  File "C:\Users\jorge\AppData\Local\Programs\Python\Python313\Lib\asyncio\events.py", line 89, in _run
    self._context.run(self._callback, *self._args)
    ~~~~~~~~~~~~~~~~~^^^^^^^^^^^^^^^^^^^^^^^^^^^^^
  File "C:\Users\jorge\AppData\Local\Programs\Python\Python313\Lib\asyncio\proactor_events.py", line 165, in _call_connection_lost
    self._sock.shutdown(socket.SHUT_RDWR)
    ~~~~~~~~~~~~~~~~~~~^^^^^^^^^^^^^^^^^^
ConnectionResetError: [WinError 10054] Se ha forzado la interrupción de una conexión existente por el host remoto
2025-12-01 12:31:48,224 - ERROR - Exception in callback _ProactorBasePipeTransport._call_connection_lost()
handle: <Handle _ProactorBasePipeTransport._call_connection_lost()>
Traceback (most recent call last):
  File "C:\Users\jorge\AppData\Local\Programs\Python\Python313\Lib\asyncio\events.py", line 89, in _run
    self._context.run(self._callback, *self._args)
    ~~~~~~~~~~~~~~~~~^^^^^^^^^^^^^^^^^^^^^^^^^^^^^
  File "C:\Users\jorge\AppData\Local\Programs\Python\Python313\Lib\asyncio\proactor_events.py", line 165, in _call_connection_lost
    self._sock.shutdown(socket.SHUT_RDWR)
    ~~~~~~~~~~~~~~~~~~~^^^^^^^^^^^^^^^^^^
ConnectionResetError: [WinError 10054] Se ha forzado la interrupción de una conexión existente por el host remoto
2025-12-01 12:31:48,558 - INFO - Usuario conectado: ID 1 | Rol: founder
2025-12-01 12:58:58,861 - INFO - connection open
2025-12-01 12:58:58,961 - INFO - Usuario conectado: ID 1 | Rol: user
2025-12-01 13:00:09,348 - INFO - connection open
2025-12-01 13:00:09,351 - INFO - Usuario conectado: ID 1 | Rol: user
2025-12-01 13:01:43,601 - INFO - connection open
2025-12-01 13:01:43,613 - INFO - Usuario conectado: ID 1 | Rol: user
2025-12-01 13:01:49,751 - INFO - connection open
2025-12-01 13:01:49,761 - INFO - Usuario conectado: ID 1 | Rol: user
2025-12-01 13:04:22,213 - INFO - connection open
2025-12-01 13:04:22,255 - INFO - Usuario conectado: ID 1 | Rol: user
2025-12-01 13:24:46,199 - INFO - connection open
2025-12-01 13:24:46,202 - INFO - Usuario conectado: ID 1 | Rol: user
2025-12-01 13:26:55,504 - INFO - connection open
2025-12-01 13:26:55,508 - INFO - Usuario conectado: ID 1 | Rol: user
2025-12-01 13:27:27,284 - INFO - connection open
2025-12-01 13:27:27,473 - INFO - Usuario conectado: ID 1 | Rol: user
2025-12-01 13:27:51,485 - INFO - connection open
2025-12-01 13:27:51,508 - INFO - Usuario conectado: ID 1 | Rol: user
2025-12-01 13:28:17,699 - INFO - connection open
2025-12-01 13:28:17,719 - INFO - Usuario conectado: ID 1 | Rol: user
2025-12-01 13:28:21,422 - INFO - connection open
2025-12-01 13:28:21,443 - INFO - Usuario conectado: ID 1 | Rol: user
2025-12-01 13:28:51,128 - INFO - connection open
2025-12-01 13:28:51,142 - INFO - Usuario conectado: ID 1 | Rol: user
2025-12-01 13:28:53,379 - INFO - connection open
2025-12-01 13:28:53,385 - INFO - Usuario conectado: ID 1 | Rol: user
2025-12-01 13:28:58,730 - INFO - connection open
2025-12-01 13:28:58,756 - INFO - Usuario conectado: ID 1 | Rol: user
2025-12-01 13:28:59,358 - INFO - connection open
2025-12-01 13:28:59,388 - INFO - Usuario conectado: ID 1 | Rol: user
2025-12-01 13:29:00,047 - INFO - connection open
2025-12-01 13:29:00,062 - INFO - Usuario conectado: ID 1 | Rol: user
2025-12-01 13:29:00,774 - INFO - connection open
2025-12-01 13:29:00,788 - INFO - Usuario conectado: ID 1 | Rol: user
2025-12-01 13:29:01,604 - INFO - connection open
2025-12-01 13:29:01,615 - INFO - Usuario conectado: ID 1 | Rol: user
2025-12-01 13:29:02,387 - INFO - connection open
2025-12-01 13:29:02,411 - INFO - Usuario conectado: ID 1 | Rol: user
2025-12-01 13:29:03,153 - INFO - connection open
2025-12-01 13:29:03,156 - INFO - Usuario conectado: ID 1 | Rol: user
2025-12-01 13:29:03,999 - INFO - connection open
2025-12-01 13:29:04,011 - INFO - Usuario conectado: ID 1 | Rol: user
2025-12-01 13:29:04,632 - INFO - connection open
2025-12-01 13:29:04,635 - INFO - Usuario conectado: ID 1 | Rol: user
2025-12-01 13:30:05,679 - INFO - connection open
2025-12-01 13:30:05,692 - INFO - Usuario conectado: ID 1 | Rol: user
2025-12-01 13:30:29,370 - INFO - connection open
2025-12-01 13:30:29,422 - INFO - Usuario conectado: ID 1 | Rol: user
2025-12-01 13:30:35,780 - INFO - connection open
2025-12-01 13:30:35,786 - INFO - Usuario conectado: ID 1 | Rol: user
2025-12-01 13:30:36,742 - INFO - connection open
2025-12-01 13:30:36,774 - INFO - Usuario conectado: ID 1 | Rol: user
2025-12-01 13:31:41,978 - INFO - connection open
2025-12-01 13:31:42,018 - INFO - Usuario conectado: ID 1 | Rol: user
2025-12-01 13:31:42,783 - INFO - connection open
2025-12-01 13:31:42,809 - INFO - Usuario conectado: ID 1 | Rol: user
2025-12-01 13:31:44,130 - INFO - connection open
2025-12-01 13:31:44,159 - INFO - Usuario conectado: ID 1 | Rol: user
2025-12-01 13:31:45,117 - INFO - connection open
2025-12-01 13:31:45,123 - INFO - Usuario conectado: ID 1 | Rol: user
2025-12-01 13:31:46,102 - INFO - connection open
2025-12-01 13:31:46,129 - INFO - Usuario conectado: ID 1 | Rol: user
2025-12-01 13:31:46,800 - INFO - connection open
2025-12-01 13:31:46,804 - INFO - Usuario conectado: ID 1 | Rol: user
2025-12-01 13:31:47,580 - INFO - connection open
2025-12-01 13:31:47,599 - INFO - Usuario conectado: ID 1 | Rol: user
2025-12-01 13:34:08,024 - INFO - connection open
2025-12-01 13:34:08,040 - INFO - Usuario conectado: ID 1 | Rol: user
2025-12-01 13:34:19,276 - INFO - connection open
2025-12-01 13:34:19,330 - INFO - Usuario conectado: ID 1 | Rol: user
2025-12-01 13:34:24,939 - INFO - connection open
2025-12-01 13:34:24,984 - INFO - Usuario conectado: ID 1 | Rol: user
2025-12-01 13:34:26,524 - INFO - connection open
2025-12-01 13:34:26,551 - INFO - Usuario conectado: ID 1 | Rol: user
2025-12-01 13:34:30,770 - INFO - connection open
2025-12-01 13:34:30,779 - INFO - Usuario conectado: ID 1 | Rol: user
2025-12-01 13:34:32,965 - INFO - connection open
2025-12-01 13:34:32,986 - INFO - Usuario conectado: ID 1 | Rol: user
2025-12-01 13:34:34,605 - INFO - connection open
2025-12-01 13:34:34,638 - INFO - Usuario conectado: ID 1 | Rol: user
2025-12-01 13:34:35,578 - INFO - connection open
2025-12-01 13:34:35,589 - INFO - Usuario conectado: ID 1 | Rol: user
2025-12-01 13:34:36,610 - INFO - connection open
2025-12-01 13:34:36,634 - INFO - Usuario conectado: ID 1 | Rol: user
2025-12-01 13:34:37,795 - INFO - connection open
2025-12-01 13:34:37,807 - INFO - Usuario conectado: ID 1 | Rol: user
2025-12-01 13:34:38,824 - INFO - connection open
2025-12-01 13:34:38,846 - INFO - Usuario conectado: ID 1 | Rol: user
2025-12-01 13:34:39,797 - INFO - connection open
2025-12-01 13:34:39,835 - INFO - Usuario conectado: ID 1 | Rol: user
2025-12-01 13:34:40,417 - INFO - connection open
2025-12-01 13:34:40,429 - INFO - Usuario conectado: ID 1 | Rol: user
2025-12-01 13:34:42,116 - INFO - connection open
2025-12-01 13:34:42,153 - INFO - Usuario conectado: ID 1 | Rol: user
2025-12-01 13:34:42,923 - INFO - connection open
2025-12-01 13:34:42,959 - INFO - Usuario conectado: ID 1 | Rol: user
2025-12-01 13:34:44,358 - INFO - connection open
2025-12-01 13:34:44,361 - INFO - Usuario conectado: ID 1 | Rol: user
2025-12-01 13:35:16,093 - INFO - connection open
2025-12-01 13:35:16,099 - INFO - Usuario conectado: ID 1 | Rol: user
2025-12-01 13:35:16,816 - INFO - connection open
2025-12-01 13:35:16,822 - INFO - Usuario conectado: ID 1 | Rol: user
2025-12-01 13:35:17,438 - INFO - connection open
2025-12-01 13:35:17,459 - INFO - Usuario conectado: ID 1 | Rol: user
2025-12-01 13:35:18,790 - INFO - connection open
2025-12-01 13:35:18,808 - INFO - Usuario conectado: ID 1 | Rol: user
2025-12-01 13:36:26,453 - INFO - connection open
2025-12-01 13:36:26,520 - INFO - Usuario conectado: ID 1 | Rol: user
2025-12-01 13:38:35,372 - INFO - connection open
2025-12-01 13:38:35,375 - INFO - Usuario conectado: ID 1 | Rol: user
2025-12-01 13:38:37,850 - INFO - connection open
2025-12-01 13:38:37,857 - INFO - Usuario conectado: ID 1 | Rol: user
2025-12-01 13:38:40,464 - INFO - connection open
2025-12-01 13:38:40,468 - INFO - Usuario conectado: ID 1 | Rol: user
2025-12-01 13:39:06,554 - INFO - connection open
2025-12-01 13:39:06,557 - INFO - Usuario conectado: ID 1 | Rol: user
2025-12-01 13:39:19,122 - INFO - connection open
2025-12-01 13:39:19,125 - INFO - Usuario conectado: ID 1 | Rol: user
2025-12-01 13:39:19,924 - INFO - connection open
2025-12-01 13:39:19,930 - INFO - Usuario conectado: ID 1 | Rol: user
2025-12-01 13:39:20,540 - INFO - connection open
2025-12-01 13:39:20,546 - INFO - Usuario conectado: ID 1 | Rol: user
2025-12-01 13:39:20,905 - INFO - connection open
2025-12-01 13:39:21,069 - INFO - connection open
2025-12-01 13:39:21,073 - INFO - Usuario conectado: ID 1 | Rol: user
2025-12-01 13:39:21,364 - INFO - connection open
2025-12-01 13:39:21,369 - INFO - Usuario conectado: ID 1 | Rol: user
2025-12-01 13:39:22,091 - INFO - connection open
2025-12-01 13:39:22,095 - INFO - Usuario conectado: ID 1 | Rol: user
2025-12-01 13:39:24,079 - INFO - connection open
2025-12-01 13:39:24,084 - INFO - Usuario conectado: ID 1 | Rol: user
2025-12-01 13:50:21,647 - INFO - connection open
2025-12-01 13:50:21,650 - INFO - Usuario conectado: ID 1 | Rol: user
2025-12-01 13:50:24,833 - INFO - connection open
2025-12-01 13:50:24,840 - INFO - Usuario conectado: ID 1 | Rol: user
2025-12-01 13:50:55,005 - INFO - connection open
2025-12-01 13:50:55,008 - INFO - Usuario conectado: ID 1 | Rol: founder
2025-12-01 13:54:11,688 - INFO - connection open
2025-12-01 13:54:11,697 - INFO - Usuario conectado: ID 1 | Rol: founder
2025-12-01 13:54:27,080 - INFO - connection open
2025-12-01 13:54:27,087 - INFO - Usuario conectado: ID 1 | Rol: founder
2025-12-01 13:54:31,841 - INFO - connection open
2025-12-01 13:54:31,846 - INFO - Usuario conectado: ID 1 | Rol: founder
2025-12-01 13:58:18,631 - INFO - connection open
2025-12-01 13:58:18,634 - INFO - Usuario conectado: ID 1 | Rol: founder
2025-12-01 13:58:29,519 - INFO - connection open
2025-12-01 13:58:29,523 - INFO - Usuario conectado: ID 1 | Rol: founder
2025-12-01 13:58:34,490 - INFO - connection open
2025-12-01 13:58:34,521 - INFO - Usuario conectado: ID 1 | Rol: founder
2025-12-01 13:58:35,312 - INFO - connection open
2025-12-01 13:58:35,338 - INFO - Usuario conectado: ID 1 | Rol: founder
2025-12-01 13:59:18,772 - INFO - connection open
2025-12-01 13:59:18,787 - INFO - Usuario conectado: ID 1 | Rol: founder
2025-12-01 14:16:05,862 - INFO - connection open
2025-12-01 14:16:05,868 - INFO - Usuario conectado: ID 1 | Rol: user
2025-12-01 14:16:25,651 - INFO - connection open
2025-12-01 14:16:25,664 - INFO - Usuario conectado: ID 1 | Rol: founder
2025-12-01 14:17:13,156 - INFO - connection open
2025-12-01 14:17:13,159 - INFO - Usuario conectado: ID 1 | Rol: founder
2025-12-01 14:17:52,422 - INFO - connection open
2025-12-01 14:17:52,427 - INFO - Usuario conectado: ID 2 | Rol: user
2025-12-01 14:18:01,994 - INFO - connection open
2025-12-01 14:18:02,002 - INFO - Usuario conectado: ID 2 | Rol: user
2025-12-01 14:18:25,638 - INFO - connection open
2025-12-01 14:18:25,685 - INFO - Usuario conectado: ID 2 | Rol: user
2025-12-01 14:18:35,528 - INFO - connection open
2025-12-01 14:18:35,536 - INFO - Usuario conectado: ID 2 | Rol: user
2025-12-01 14:19:15,567 - INFO - connection open
2025-12-01 14:19:15,570 - INFO - Usuario conectado: ID 2 | Rol: user
2025-12-01 14:19:17,717 - INFO - connection open
2025-12-01 14:19:17,722 - INFO - Usuario conectado: ID 2 | Rol: user
2025-12-01 14:19:18,372 - INFO - connection open
2025-12-01 14:19:18,458 - INFO - Usuario conectado: ID 2 | Rol: user
2025-12-01 14:19:19,444 - INFO - connection open
2025-12-01 14:19:19,452 - INFO - Usuario conectado: ID 2 | Rol: user
2025-12-01 14:19:19,845 - INFO - connection open
2025-12-01 14:19:19,857 - INFO - Usuario conectado: ID 2 | Rol: user
2025-12-01 14:19:21,860 - INFO - connection open
2025-12-01 14:19:21,864 - INFO - Usuario conectado: ID 2 | Rol: user
2025-12-01 14:19:23,609 - INFO - connection open
2025-12-01 14:19:23,612 - INFO - Usuario conectado: ID 2 | Rol: user
2025-12-01 14:19:24,451 - INFO - connection open
2025-12-01 14:19:24,457 - INFO - Usuario conectado: ID 2 | Rol: user
2025-12-01 14:19:26,670 - INFO - connection open
2025-12-01 14:19:26,675 - INFO - Usuario conectado: ID 2 | Rol: user
2025-12-01 14:19:29,369 - INFO - connection open
2025-12-01 14:19:29,375 - INFO - Usuario conectado: ID 2 | Rol: user
2025-12-01 14:19:48,511 - INFO - connection open
2025-12-01 14:19:48,516 - INFO - Usuario conectado: ID 2 | Rol: user
2025-12-01 14:26:06,158 - INFO - connection open
2025-12-01 14:26:06,163 - INFO - Usuario conectado: ID 1 | Rol: founder
2025-12-01 14:26:13,618 - INFO - connection open
2025-12-01 14:26:13,623 - INFO - Usuario conectado: ID 2 | Rol: user
2025-12-01 14:26:19,097 - INFO - connection open
2025-12-01 14:26:19,104 - INFO - Usuario conectado: ID 2 | Rol: user
2025-12-01 14:26:26,496 - INFO - connection open
2025-12-01 14:26:26,506 - INFO - Usuario conectado: ID 2 | Rol: user
2025-12-01 14:26:27,820 - INFO - connection open
2025-12-01 14:26:27,875 - INFO - Usuario conectado: ID 2 | Rol: user
2025-12-01 14:29:29,510 - INFO - connection open
2025-12-01 14:29:29,538 - INFO - Usuario conectado: ID 2 | Rol: user
2025-12-01 14:29:33,060 - INFO - connection open
2025-12-01 14:29:33,064 - INFO - Usuario conectado: ID 2 | Rol: user
2025-12-01 14:29:43,507 - INFO - connection open
2025-12-01 14:29:43,516 - INFO - Usuario conectado: ID 2 | Rol: user
2025-12-01 14:30:06,662 - INFO - connection open
2025-12-01 14:30:06,667 - INFO - Usuario conectado: ID 2 | Rol: user
2025-12-01 14:30:41,019 - INFO - connection open
2025-12-01 14:30:41,062 - INFO - Usuario conectado: ID 2 | Rol: user
2025-12-01 14:31:13,714 - INFO - connection open
2025-12-01 14:31:13,722 - INFO - Usuario conectado: ID 1 | Rol: founder
2025-12-01 14:31:15,642 - INFO - connection open
2025-12-01 14:31:15,651 - INFO - Usuario conectado: ID 1 | Rol: founder
2025-12-01 14:37:00,710 - INFO - connection open
2025-12-01 14:37:00,714 - INFO - Usuario conectado: ID 2 | Rol: user
2025-12-01 14:38:39,740 - INFO - connection open
2025-12-01 14:38:39,744 - INFO - Usuario conectado: ID 2 | Rol: user
2025-12-01 14:38:41,908 - INFO - connection open
2025-12-01 14:38:41,910 - INFO - Usuario conectado: ID 2 | Rol: user
2025-12-01 14:38:42,996 - INFO - connection open
2025-12-01 14:38:43,009 - INFO - Usuario conectado: ID 2 | Rol: user
2025-12-01 14:38:43,716 - INFO - connection open
2025-12-01 14:38:43,724 - INFO - Usuario conectado: ID 2 | Rol: user
2025-12-01 14:38:44,343 - INFO - connection open
2025-12-01 14:38:44,355 - INFO - Usuario conectado: ID 2 | Rol: user
2025-12-01 14:43:33,707 - INFO - ✅ Pool de conexiones a base de datos inicializado (Max 20).
2025-12-01 14:43:33,749 - INFO - ✅ Conexión a Redis inicializada.
2025-12-01 14:43:33,818 - INFO - === Servidor Aurora Iniciado (Fix Race Condition + Idempotencia) ===
2025-12-01 14:43:50,076 - INFO - server listening on 0.0.0.0:8080
2025-12-01 14:43:50,840 - INFO - connection open
2025-12-01 14:43:50,846 - INFO - Usuario conectado: ID 2 | Rol: user
2025-12-01 14:43:52,382 - INFO - connection open
2025-12-01 14:43:52,387 - INFO - Usuario conectado: ID 1 | Rol: founder
2025-12-02 12:59:21,272 - CRITICAL - ❌ Error fatal conectando a BD: (2003, "Can't connect to MySQL server on 'localhost'")
2025-12-02 13:07:45,625 - INFO - ✅ Pool de conexiones a base de datos inicializado (Max 20).
2025-12-02 13:07:45,626 - INFO - ✅ Conexión a Redis inicializada.
2025-12-02 13:07:45,637 - INFO - === Servidor Aurora Iniciado (Fix Race Condition + Idempotencia) ===
2025-12-02 13:07:45,940 - INFO - server listening on 0.0.0.0:8080
2025-12-02 13:07:53,101 - INFO - connection open
2025-12-02 13:07:53,160 - INFO - Usuario conectado: ID 1 | Rol: user
2025-12-02 13:08:00,807 - INFO - connection open
2025-12-02 13:08:00,812 - INFO - Usuario conectado: ID 1 | Rol: user
2025-12-02 13:08:30,640 - INFO - connection open
2025-12-02 13:08:30,649 - INFO - Usuario conectado: ID 1 | Rol: user
2025-12-02 13:08:31,570 - INFO - connection open
2025-12-02 13:08:31,579 - INFO - Usuario conectado: ID 1 | Rol: user
2025-12-02 13:08:32,347 - INFO - connection open
2025-12-02 13:08:32,359 - INFO - Usuario conectado: ID 1 | Rol: user
2025-12-02 13:08:32,896 - INFO - connection open
2025-12-02 13:08:32,900 - INFO - Usuario conectado: ID 1 | Rol: user
2025-12-02 13:08:33,518 - INFO - connection open
2025-12-02 13:08:33,521 - INFO - Usuario conectado: ID 1 | Rol: user
2025-12-02 13:08:33,712 - INFO - connection open
2025-12-02 13:08:33,719 - INFO - Usuario conectado: ID 1 | Rol: user
2025-12-02 13:08:34,347 - INFO - connection open
2025-12-02 13:08:34,354 - INFO - Usuario conectado: ID 1 | Rol: user
2025-12-02 13:08:34,537 - INFO - connection open
2025-12-02 13:08:34,548 - INFO - Usuario conectado: ID 1 | Rol: user
2025-12-02 13:08:35,112 - INFO - connection open
2025-12-02 13:08:35,118 - INFO - Usuario conectado: ID 1 | Rol: user
2025-12-02 13:08:35,891 - INFO - connection open
2025-12-02 13:08:35,897 - INFO - Usuario conectado: ID 1 | Rol: user
2025-12-02 13:08:36,682 - INFO - connection open
2025-12-02 13:08:36,696 - INFO - Usuario conectado: ID 1 | Rol: user
2025-12-02 13:08:37,282 - INFO - connection open
2025-12-02 13:08:37,291 - INFO - Usuario conectado: ID 1 | Rol: user
2025-12-02 13:08:38,167 - INFO - connection open
2025-12-02 13:08:38,183 - INFO - Usuario conectado: ID 1 | Rol: user
2025-12-02 13:09:30,430 - INFO - connection open
2025-12-02 13:09:30,439 - INFO - Usuario conectado: ID 1 | Rol: user
2025-12-02 13:09:32,470 - INFO - connection open
2025-12-02 13:09:32,476 - INFO - Usuario conectado: ID 1 | Rol: user
2025-12-02 13:09:33,446 - INFO - connection open
2025-12-02 13:09:33,453 - INFO - Usuario conectado: ID 1 | Rol: user
2025-12-02 13:11:21,245 - INFO - connection open
2025-12-02 13:11:21,252 - INFO - Usuario conectado: ID 2 | Rol: user
2025-12-02 13:11:26,974 - INFO - connection open
2025-12-02 13:11:26,978 - INFO - Usuario conectado: ID 2 | Rol: user
2025-12-02 13:11:29,725 - INFO - connection open
2025-12-02 13:11:29,758 - INFO - Usuario conectado: ID 2 | Rol: user
2025-12-02 13:11:32,903 - INFO - connection open
2025-12-02 13:11:32,909 - INFO - Usuario conectado: ID 2 | Rol: user
2025-12-02 13:11:34,128 - INFO - connection open
2025-12-02 13:11:34,138 - INFO - Usuario conectado: ID 2 | Rol: user
2025-12-02 13:11:35,331 - INFO - connection open
2025-12-02 13:11:35,341 - INFO - Usuario conectado: ID 2 | Rol: user
2025-12-02 13:11:35,652 - INFO - connection open
2025-12-02 13:11:35,657 - INFO - Usuario conectado: ID 2 | Rol: user
2025-12-02 13:18:45,405 - INFO - connection open
2025-12-02 13:18:45,410 - INFO - Usuario conectado: ID 2 | Rol: user
2025-12-02 13:18:55,298 - INFO - connection open
2025-12-02 13:18:55,301 - INFO - Usuario conectado: ID 2 | Rol: user
2025-12-02 13:18:56,324 - INFO - connection open
2025-12-02 13:18:56,333 - INFO - Usuario conectado: ID 2 | Rol: user
2025-12-02 13:18:57,050 - INFO - connection open
2025-12-02 13:18:57,056 - INFO - Usuario conectado: ID 2 | Rol: user
2025-12-02 13:19:43,627 - INFO - connection open
2025-12-02 13:19:43,635 - INFO - Usuario conectado: ID 2 | Rol: user
2025-12-02 13:19:47,829 - INFO - connection open
2025-12-02 13:19:47,836 - INFO - Usuario conectado: ID 2 | Rol: user
2025-12-02 13:20:08,768 - INFO - connection open
2025-12-02 13:20:08,771 - INFO - Usuario conectado: ID 2 | Rol: user
2025-12-02 13:20:10,014 - INFO - connection open
2025-12-02 13:20:10,020 - INFO - Usuario conectado: ID 2 | Rol: user
2025-12-02 13:20:23,797 - INFO - connection open
2025-12-02 13:20:23,811 - INFO - Usuario conectado: ID 1 | Rol: user
2025-12-02 13:20:24,603 - INFO - connection open
2025-12-02 13:20:24,608 - INFO - Usuario conectado: ID 1 | Rol: user
2025-12-02 13:28:46,602 - INFO - connection open
2025-12-02 13:28:46,613 - INFO - Usuario conectado: ID 1 | Rol: founder
2025-12-02 13:32:43,046 - INFO - connection open
2025-12-02 13:32:43,051 - INFO - Usuario conectado: ID 1 | Rol: founder
2025-12-02 13:32:50,389 - INFO - connection open
2025-12-02 13:32:50,393 - INFO - Usuario conectado: ID 1 | Rol: founder
2025-12-02 13:32:54,897 - INFO - connection open
2025-12-02 13:32:54,905 - INFO - Usuario conectado: ID 2 | Rol: user
2025-12-02 13:33:09,712 - INFO - connection open
2025-12-02 13:33:09,716 - INFO - Usuario conectado: ID 2 | Rol: user
2025-12-02 13:33:11,391 - INFO - connection open
2025-12-02 13:33:11,397 - INFO - Usuario conectado: ID 2 | Rol: user
2025-12-02 13:33:12,054 - INFO - connection open
2025-12-02 13:33:12,059 - INFO - Usuario conectado: ID 2 | Rol: user
2025-12-02 13:33:27,160 - INFO - connection open
2025-12-02 13:33:27,163 - INFO - Usuario conectado: ID 1 | Rol: founder
2025-12-02 13:33:28,273 - INFO - connection open
2025-12-02 13:33:28,279 - INFO - Usuario conectado: ID 1 | Rol: founder
2025-12-02 13:33:39,720 - INFO - 💾 Intentando guardar 10 mensajes de chat:buffer:private:1:2 a MySQL...
2025-12-02 13:33:39,994 - INFO - ✅ Flush exitoso y confirmado: 10 mensajes procesados.
2025-12-02 13:33:54,786 - INFO - connection open
2025-12-02 13:33:54,793 - INFO - Usuario conectado: ID 1 | Rol: founder
2025-12-02 13:33:57,546 - INFO - connection open
2025-12-02 13:33:57,551 - INFO - Usuario conectado: ID 1 | Rol: founder
2025-12-02 13:33:58,737 - INFO - connection open
2025-12-02 13:33:58,743 - INFO - Usuario conectado: ID 1 | Rol: founder
2025-12-02 13:33:59,369 - INFO - connection open
2025-12-02 13:33:59,376 - INFO - Usuario conectado: ID 1 | Rol: founder
2025-12-02 13:34:00,831 - INFO - connection open
2025-12-02 13:34:00,841 - INFO - Usuario conectado: ID 1 | Rol: founder
2025-12-02 13:34:26,298 - INFO - connection open
2025-12-02 13:34:26,308 - INFO - Usuario conectado: ID 1 | Rol: founder
2025-12-02 13:34:27,161 - INFO - connection open
2025-12-02 13:34:27,171 - INFO - Usuario conectado: ID 1 | Rol: founder
2025-12-02 13:37:42,604 - INFO - connection open
2025-12-02 13:37:42,614 - INFO - Usuario conectado: ID 1 | Rol: founder
2025-12-02 13:38:03,928 - INFO - connection open
2025-12-02 13:38:03,939 - INFO - Usuario conectado: ID 1 | Rol: founder
2025-12-02 13:38:08,220 - INFO - connection open
2025-12-02 13:38:08,223 - INFO - Usuario conectado: ID 1 | Rol: founder
2025-12-02 13:56:01,599 - INFO - connection open
2025-12-02 13:56:01,668 - INFO - Usuario conectado: ID 1 | Rol: founder
2025-12-02 13:56:04,291 - INFO - connection open
2025-12-02 13:56:04,351 - INFO - Usuario conectado: ID 1 | Rol: founder
2025-12-02 13:56:04,913 - INFO - connection open
2025-12-02 13:56:04,918 - INFO - Usuario conectado: ID 1 | Rol: founder
2025-12-02 13:56:05,532 - INFO - connection open
2025-12-02 13:56:05,539 - INFO - Usuario conectado: ID 1 | Rol: founder
2025-12-02 13:56:05,952 - INFO - connection open
2025-12-02 13:56:05,955 - INFO - Usuario conectado: ID 1 | Rol: founder
2025-12-02 13:56:06,561 - INFO - connection open
2025-12-02 13:56:06,567 - INFO - Usuario conectado: ID 1 | Rol: founder
2025-12-02 13:56:07,180 - INFO - connection open
2025-12-02 13:56:07,186 - INFO - Usuario conectado: ID 1 | Rol: founder
2025-12-02 13:56:07,840 - INFO - connection open
2025-12-02 13:56:07,848 - INFO - Usuario conectado: ID 1 | Rol: founder
2025-12-02 13:56:08,550 - INFO - connection open
2025-12-02 13:56:08,571 - INFO - Usuario conectado: ID 1 | Rol: founder
2025-12-02 13:56:16,962 - INFO - connection open
2025-12-02 13:56:16,972 - INFO - Usuario conectado: ID 2 | Rol: user
2025-12-02 13:56:20,651 - INFO - connection open
2025-12-02 13:56:20,670 - INFO - Usuario conectado: ID 2 | Rol: user
2025-12-02 13:56:34,805 - INFO - connection open
2025-12-02 13:56:34,809 - INFO - Usuario conectado: ID 2 | Rol: user
2025-12-02 13:56:35,888 - INFO - connection open
2025-12-02 13:56:35,890 - INFO - Usuario conectado: ID 2 | Rol: user
2025-12-02 13:59:24,955 - INFO - connection open
2025-12-02 13:59:24,962 - INFO - Usuario conectado: ID 1 | Rol: founder
2025-12-02 13:59:25,465 - INFO - connection open
2025-12-02 13:59:25,478 - INFO - Usuario conectado: ID 1 | Rol: founder
2025-12-02 13:59:26,139 - INFO - connection open
2025-12-02 13:59:26,143 - INFO - Usuario conectado: ID 1 | Rol: founder
2025-12-02 13:59:26,676 - INFO - connection open
2025-12-02 13:59:26,680 - INFO - Usuario conectado: ID 1 | Rol: founder
2025-12-02 13:59:26,925 - INFO - connection open
2025-12-02 13:59:26,929 - INFO - Usuario conectado: ID 1 | Rol: founder
2025-12-02 13:59:27,724 - INFO - connection open
2025-12-02 13:59:27,728 - INFO - Usuario conectado: ID 1 | Rol: founder
2025-12-02 13:59:28,877 - INFO - connection open
2025-12-02 13:59:28,885 - INFO - Usuario conectado: ID 2 | Rol: user
2025-12-02 13:59:29,461 - INFO - connection open
2025-12-02 13:59:29,471 - INFO - Usuario conectado: ID 2 | Rol: user
2025-12-02 13:59:30,833 - INFO - connection open
2025-12-02 13:59:30,838 - INFO - Usuario conectado: ID 2 | Rol: user
2025-12-02 13:59:31,053 - INFO - connection open
2025-12-02 13:59:31,057 - INFO - Usuario conectado: ID 2 | Rol: user
2025-12-02 13:59:31,675 - INFO - connection open
2025-12-02 13:59:31,677 - INFO - Usuario conectado: ID 2 | Rol: user
2025-12-02 13:59:32,087 - INFO - connection open
2025-12-02 13:59:32,091 - INFO - Usuario conectado: ID 2 | Rol: user
2025-12-02 13:59:32,615 - INFO - connection open
2025-12-02 13:59:32,629 - INFO - Usuario conectado: ID 2 | Rol: user
2025-12-02 13:59:33,060 - INFO - connection open
2025-12-02 13:59:33,066 - INFO - Usuario conectado: ID 2 | Rol: user
2025-12-02 13:59:33,869 - INFO - connection open
2025-12-02 13:59:33,875 - INFO - Usuario conectado: ID 2 | Rol: user
2025-12-02 14:00:32,731 - INFO - connection open
2025-12-02 14:00:32,742 - INFO - Usuario conectado: ID 1 | Rol: founder
2025-12-02 14:00:33,369 - INFO - connection open
2025-12-02 14:00:33,372 - INFO - Usuario conectado: ID 1 | Rol: founder
2025-12-02 14:00:34,884 - INFO - connection open
2025-12-02 14:00:34,987 - INFO - Usuario conectado: ID 1 | Rol: founder
2025-12-02 14:00:40,242 - INFO - connection open
2025-12-02 14:00:40,245 - INFO - Usuario conectado: ID 1 | Rol: founder
2025-12-02 14:00:41,171 - INFO - connection open
2025-12-02 14:00:41,177 - INFO - Usuario conectado: ID 1 | Rol: founder
2025-12-02 14:00:41,889 - INFO - connection open
2025-12-02 14:00:41,892 - INFO - Usuario conectado: ID 1 | Rol: founder
2025-12-02 14:00:42,751 - INFO - connection open
2025-12-02 14:00:42,754 - INFO - Usuario conectado: ID 1 | Rol: founder
2025-12-02 14:00:45,502 - INFO - connection open
2025-12-02 14:00:45,508 - INFO - Usuario conectado: ID 2 | Rol: user
2025-12-02 14:00:46,002 - INFO - connection open
2025-12-02 14:00:46,006 - INFO - Usuario conectado: ID 2 | Rol: user
2025-12-02 14:00:46,410 - INFO - connection open
2025-12-02 14:00:46,419 - INFO - Usuario conectado: ID 2 | Rol: user
2025-12-02 14:00:46,674 - INFO - connection open
2025-12-02 14:00:46,678 - INFO - Usuario conectado: ID 2 | Rol: user
2025-12-02 14:00:46,995 - INFO - connection open
2025-12-02 14:00:47,004 - INFO - Usuario conectado: ID 2 | Rol: user
2025-12-02 14:00:47,152 - INFO - connection open
2025-12-02 14:00:47,157 - INFO - Usuario conectado: ID 2 | Rol: user
2025-12-02 14:00:47,519 - INFO - connection open
2025-12-02 14:00:47,523 - INFO - Usuario conectado: ID 2 | Rol: user
2025-12-02 14:00:48,055 - INFO - connection open
2025-12-02 14:00:48,059 - INFO - Usuario conectado: ID 2 | Rol: user
2025-12-02 14:00:48,626 - INFO - connection open
2025-12-02 14:00:48,632 - INFO - Usuario conectado: ID 2 | Rol: user
2025-12-02 14:00:49,096 - INFO - connection open
2025-12-02 14:00:49,100 - INFO - Usuario conectado: ID 2 | Rol: user
2025-12-02 14:00:49,544 - INFO - connection open
2025-12-02 14:00:49,553 - INFO - Usuario conectado: ID 2 | Rol: user
2025-12-02 14:00:50,069 - INFO - connection open
2025-12-02 14:00:50,073 - INFO - Usuario conectado: ID 2 | Rol: user
2025-12-02 14:00:50,524 - INFO - connection open
2025-12-02 14:00:50,531 - INFO - Usuario conectado: ID 2 | Rol: user
2025-12-02 14:00:50,988 - INFO - connection open
2025-12-02 14:00:50,993 - INFO - Usuario conectado: ID 2 | Rol: user
2025-12-02 14:00:51,602 - INFO - connection open
2025-12-02 14:00:51,606 - INFO - Usuario conectado: ID 2 | Rol: user
2025-12-02 14:00:52,201 - INFO - connection open
2025-12-02 14:00:52,206 - INFO - Usuario conectado: ID 2 | Rol: user
2025-12-02 14:00:52,736 - INFO - connection open
2025-12-02 14:00:52,741 - INFO - Usuario conectado: ID 2 | Rol: user
2025-12-02 14:00:53,268 - INFO - connection open
2025-12-02 14:00:53,274 - INFO - Usuario conectado: ID 2 | Rol: user
2025-12-02 14:00:54,052 - INFO - connection open
2025-12-02 14:00:54,057 - INFO - Usuario conectado: ID 2 | Rol: user
2025-12-02 14:00:54,811 - INFO - connection open
2025-12-02 14:00:54,820 - INFO - Usuario conectado: ID 2 | Rol: user
2025-12-02 14:00:55,336 - INFO - connection open
2025-12-02 14:00:55,340 - INFO - Usuario conectado: ID 2 | Rol: user
2025-12-02 14:00:55,973 - INFO - connection open
2025-12-02 14:00:55,977 - INFO - Usuario conectado: ID 2 | Rol: user
2025-12-02 14:00:56,457 - INFO - connection open
2025-12-02 14:00:56,461 - INFO - Usuario conectado: ID 2 | Rol: user
2025-12-02 14:00:56,948 - INFO - connection open
2025-12-02 14:00:56,953 - INFO - Usuario conectado: ID 2 | Rol: user
2025-12-02 14:00:57,454 - INFO - connection open
2025-12-02 14:00:57,459 - INFO - Usuario conectado: ID 2 | Rol: user
2025-12-02 14:00:57,857 - INFO - connection open
2025-12-02 14:00:57,861 - INFO - Usuario conectado: ID 2 | Rol: user
2025-12-02 14:00:58,233 - INFO - connection open
2025-12-02 14:00:58,237 - INFO - Usuario conectado: ID 2 | Rol: user
2025-12-02 14:00:58,471 - INFO - connection open
2025-12-02 14:00:58,476 - INFO - Usuario conectado: ID 2 | Rol: user
2025-12-02 14:00:58,750 - INFO - connection open
2025-12-02 14:00:58,756 - INFO - Usuario conectado: ID 2 | Rol: user
2025-12-02 14:00:58,976 - INFO - connection open
2025-12-02 14:00:58,983 - INFO - Usuario conectado: ID 2 | Rol: user
2025-12-02 14:00:59,238 - INFO - connection open
2025-12-02 14:00:59,242 - INFO - Usuario conectado: ID 2 | Rol: user
2025-12-02 14:00:59,545 - INFO - connection open
2025-12-02 14:00:59,552 - INFO - Usuario conectado: ID 2 | Rol: user
2025-12-02 14:01:00,780 - INFO - connection open
2025-12-02 14:01:00,790 - INFO - Usuario conectado: ID 2 | Rol: user
2025-12-02 14:01:00,982 - INFO - connection open
2025-12-02 14:01:00,990 - INFO - Usuario conectado: ID 2 | Rol: user
2025-12-02 14:01:01,483 - INFO - connection open
2025-12-02 14:01:01,489 - INFO - Usuario conectado: ID 2 | Rol: user
2025-12-02 14:01:01,945 - INFO - connection open
2025-12-02 14:01:01,953 - INFO - Usuario conectado: ID 2 | Rol: user
2025-12-02 14:01:02,419 - INFO - connection open
2025-12-02 14:01:02,425 - INFO - Usuario conectado: ID 2 | Rol: user
2025-12-02 14:01:02,728 - INFO - connection open
2025-12-02 14:01:02,737 - INFO - Usuario conectado: ID 2 | Rol: user
2025-12-02 14:01:03,199 - INFO - connection open
2025-12-02 14:01:03,205 - INFO - Usuario conectado: ID 2 | Rol: user
2025-12-02 14:01:03,675 - INFO - connection open
2025-12-02 14:01:03,685 - INFO - Usuario conectado: ID 2 | Rol: user
2025-12-02 14:01:03,969 - INFO - connection open
2025-12-02 14:01:03,974 - INFO - Usuario conectado: ID 2 | Rol: user
2025-12-02 14:01:04,452 - INFO - connection open
2025-12-02 14:01:04,456 - INFO - Usuario conectado: ID 2 | Rol: user
2025-12-02 14:01:04,938 - INFO - connection open
2025-12-02 14:01:04,942 - INFO - Usuario conectado: ID 2 | Rol: user
2025-12-02 14:01:05,524 - INFO - connection open
2025-12-02 14:01:05,535 - INFO - Usuario conectado: ID 2 | Rol: user
2025-12-02 14:01:05,732 - INFO - connection open
2025-12-02 14:01:05,739 - INFO - Usuario conectado: ID 2 | Rol: user
2025-12-02 14:01:06,476 - INFO - connection open
2025-12-02 14:01:06,483 - INFO - Usuario conectado: ID 2 | Rol: user
2025-12-02 14:01:07,250 - INFO - connection open
2025-12-02 14:01:07,256 - INFO - Usuario conectado: ID 2 | Rol: user
2025-12-02 14:01:07,828 - INFO - connection open
2025-12-02 14:01:07,834 - INFO - Usuario conectado: ID 2 | Rol: user
2025-12-02 14:01:08,351 - INFO - connection open
2025-12-02 14:01:08,356 - INFO - Usuario conectado: ID 2 | Rol: user
2025-12-02 14:01:09,168 - INFO - connection open
2025-12-02 14:01:09,175 - INFO - Usuario conectado: ID 2 | Rol: user
2025-12-02 14:01:09,986 - INFO - connection open
2025-12-02 14:01:09,990 - INFO - Usuario conectado: ID 2 | Rol: user
2025-12-02 14:01:10,808 - INFO - connection open
2025-12-02 14:01:10,811 - INFO - Usuario conectado: ID 2 | Rol: user
2025-12-02 14:01:24,274 - INFO - connection open
2025-12-02 14:01:24,279 - INFO - Usuario conectado: ID 2 | Rol: user
2025-12-02 14:01:25,474 - INFO - connection open
2025-12-02 14:01:25,486 - INFO - Usuario conectado: ID 2 | Rol: user
2025-12-02 14:01:26,284 - INFO - connection open
2025-12-02 14:01:26,289 - INFO - Usuario conectado: ID 2 | Rol: user
2025-12-02 14:01:26,522 - INFO - connection open
2025-12-02 14:01:26,527 - INFO - Usuario conectado: ID 2 | Rol: user
2025-12-02 14:01:26,985 - INFO - connection open
2025-12-02 14:01:26,990 - INFO - Usuario conectado: ID 2 | Rol: user
2025-12-02 14:01:27,560 - INFO - connection open
2025-12-02 14:01:27,569 - INFO - Usuario conectado: ID 2 | Rol: user
2025-12-02 14:01:28,078 - INFO - connection open
2025-12-02 14:01:28,083 - INFO - Usuario conectado: ID 2 | Rol: user
2025-12-02 14:01:28,708 - INFO - connection open
2025-12-02 14:01:28,717 - INFO - Usuario conectado: ID 2 | Rol: user
2025-12-02 14:01:29,306 - INFO - connection open
2025-12-02 14:01:29,311 - INFO - Usuario conectado: ID 2 | Rol: user
2025-12-02 14:01:30,075 - INFO - connection open
2025-12-02 14:01:30,085 - INFO - Usuario conectado: ID 2 | Rol: user
2025-12-02 14:01:34,570 - INFO - connection open
2025-12-02 14:01:34,574 - INFO - Usuario conectado: ID 1 | Rol: founder
2025-12-02 14:01:38,106 - INFO - connection open
2025-12-02 14:01:38,110 - INFO - Usuario conectado: ID 2 | Rol: user
2025-12-02 14:01:39,601 - INFO - connection open
2025-12-02 14:01:39,607 - INFO - Usuario conectado: ID 2 | Rol: user
2025-12-02 14:01:52,076 - INFO - connection open
2025-12-02 14:01:52,085 - INFO - Usuario conectado: ID 1 | Rol: founder
2025-12-02 14:01:54,535 - INFO - connection open
2025-12-02 14:01:54,539 - INFO - Usuario conectado: ID 2 | Rol: user
2025-12-02 14:03:53,008 - INFO - connection open
2025-12-02 14:03:53,018 - INFO - Usuario conectado: ID 1 | Rol: founder
2025-12-02 14:03:56,968 - INFO - connection open
2025-12-02 14:03:57,000 - INFO - Usuario conectado: ID 2 | Rol: user
2025-12-02 14:04:04,287 - INFO - connection open
2025-12-02 14:04:04,305 - INFO - Usuario conectado: ID 2 | Rol: user
2025-12-02 14:04:12,832 - INFO - connection open
2025-12-02 14:04:12,849 - INFO - Usuario conectado: ID 2 | Rol: user
2025-12-02 14:04:39,242 - INFO - connection open
2025-12-02 14:04:39,251 - INFO - Usuario conectado: ID 1 | Rol: founder
2025-12-02 14:04:42,289 - INFO - connection open
2025-12-02 14:04:42,294 - INFO - Usuario conectado: ID 1 | Rol: founder
2025-12-02 14:06:25,114 - INFO - connection open
2025-12-02 14:06:25,119 - INFO - Usuario conectado: ID 1 | Rol: founder
2025-12-02 14:06:32,189 - INFO - connection open
2025-12-02 14:06:32,196 - INFO - Usuario conectado: ID 1 | Rol: founder
2025-12-02 14:06:38,095 - INFO - connection open
2025-12-02 14:06:38,115 - INFO - Usuario conectado: ID 1 | Rol: founder
2025-12-02 14:14:13,931 - INFO - connection open
2025-12-02 14:14:13,936 - INFO - Usuario conectado: ID 1 | Rol: founder
2025-12-02 14:14:18,938 - INFO - connection open
2025-12-02 14:14:18,948 - INFO - Usuario conectado: ID 1 | Rol: founder
2025-12-02 14:14:22,264 - INFO - connection open
2025-12-02 14:14:22,275 - INFO - Usuario conectado: ID 2 | Rol: user
2025-12-02 14:14:26,137 - INFO - connection open
2025-12-02 14:14:26,148 - INFO - Usuario conectado: ID 2 | Rol: user
2025-12-02 14:14:26,786 - INFO - connection open
2025-12-02 14:14:26,801 - INFO - Usuario conectado: ID 2 | Rol: user
2025-12-02 14:14:28,895 - INFO - connection open
2025-12-02 14:14:28,898 - INFO - Usuario conectado: ID 1 | Rol: founder
2025-12-02 14:14:35,703 - INFO - connection open
2025-12-02 14:14:35,707 - INFO - Usuario conectado: ID 1 | Rol: founder
2025-12-02 14:14:39,829 - INFO - connection open
2025-12-02 14:14:39,833 - INFO - Usuario conectado: ID 2 | Rol: user
2025-12-02 14:14:40,730 - INFO - connection open
2025-12-02 14:14:40,738 - INFO - Usuario conectado: ID 2 | Rol: user
2025-12-02 14:14:52,599 - INFO - 💾 Intentando guardar 10 mensajes de chat:buffer:private:1:2 a MySQL...
2025-12-02 14:14:52,956 - INFO - ✅ Flush exitoso y confirmado: 10 mensajes procesados.
2025-12-02 14:14:59,832 - INFO - connection open
2025-12-02 14:14:59,838 - INFO - Usuario conectado: ID 1 | Rol: founder
2025-12-02 14:15:02,523 - INFO - connection open
2025-12-02 14:15:02,529 - INFO - Usuario conectado: ID 1 | Rol: founder
2025-12-02 14:21:05,872 - INFO - connection open
2025-12-02 14:21:05,911 - INFO - Usuario conectado: ID 1 | Rol: founder
2025-12-02 14:21:28,648 - INFO - connection open
2025-12-02 14:21:28,651 - INFO - Usuario conectado: ID 1 | Rol: founder
2025-12-02 14:25:05,648 - INFO - connection open
2025-12-02 14:25:05,654 - INFO - Usuario conectado: ID 1 | Rol: founder
2025-12-02 14:25:11,743 - INFO - connection open
2025-12-02 14:25:11,751 - INFO - Usuario conectado: ID 1 | Rol: founder
2025-12-02 14:34:43,449 - INFO - connection open
2025-12-02 14:34:43,468 - INFO - Usuario conectado: ID 2 | Rol: user
2025-12-02 14:42:40,597 - INFO - === Servidor Aurora Iniciado (Modular) ===
2025-12-02 14:42:40,637 - INFO - ✅ DB Pool inicializado.
2025-12-02 14:42:40,638 - INFO - ✅ Redis inicializado.
2025-12-02 14:42:40,984 - INFO - server listening on 0.0.0.0:8080
2025-12-02 14:42:40,984 - INFO - 🚀 Websocket Server escuchando en 0.0.0.0:8080
2025-12-02 14:42:40,985 - INFO - 🌉 Bridge PHP escuchando en 127.0.0.1:8081
2025-12-02 14:42:43,146 - INFO - connection open
2025-12-02 14:42:44,134 - INFO - connection open
2025-12-02 14:42:44,139 - INFO - Usuario conectado: ID 1 | Rol: founder
2025-12-02 14:42:50,417 - INFO - connection open
2025-12-02 14:42:50,423 - INFO - Usuario conectado: ID 1 | Rol: founder
2025-12-02 14:42:57,006 - INFO - connection open
2025-12-02 14:42:57,009 - INFO - Usuario conectado: ID 2 | Rol: user
2025-12-03 11:32:14,632 - INFO - === Servidor Aurora Iniciado (Modular) ===
2025-12-03 11:32:14,731 - INFO - ✅ DB Pool inicializado.
2025-12-03 11:32:14,733 - INFO - ✅ Redis inicializado.
2025-12-03 11:32:15,502 - INFO - server listening on 0.0.0.0:8080
2025-12-03 11:32:15,502 - INFO - 🚀 Websocket Server escuchando en 0.0.0.0:8080
2025-12-03 11:32:15,515 - INFO - 🌉 Bridge PHP escuchando en 127.0.0.1:8081
2025-12-03 11:32:15,633 - INFO - connection open
2025-12-03 11:32:15,669 - INFO - Usuario conectado: ID 1 | Rol: founder
2025-12-03 11:33:47,603 - INFO - connection open
2025-12-03 11:33:47,632 - INFO - Usuario conectado: ID 1 | Rol: founder
2025-12-03 11:34:09,410 - INFO - connection open
2025-12-03 11:34:09,434 - INFO - Usuario conectado: ID 1 | Rol: founder
2025-12-03 11:34:39,470 - INFO - connection open
2025-12-03 11:34:39,483 - INFO - Usuario conectado: ID 1 | Rol: founder
2025-12-03 11:34:51,138 - INFO - connection open
2025-12-03 11:34:51,168 - INFO - Usuario conectado: ID 1 | Rol: founder
2025-12-03 11:35:10,813 - INFO - connection open
2025-12-03 11:35:10,831 - INFO - Usuario conectado: ID 1 | Rol: founder
2025-12-03 11:35:43,230 - INFO - connection open
2025-12-03 11:35:43,259 - INFO - Usuario conectado: ID 1 | Rol: founder
2025-12-03 11:39:26,865 - INFO - connection open
2025-12-03 11:39:26,872 - INFO - Usuario conectado: ID 1 | Rol: founder
2025-12-03 11:39:30,321 - INFO - connection open
2025-12-03 11:39:30,326 - INFO - Usuario conectado: ID 1 | Rol: founder
2025-12-03 11:39:37,431 - INFO - connection open
2025-12-03 11:39:37,442 - INFO - Usuario conectado: ID 1 | Rol: founder
2025-12-03 11:42:06,641 - INFO - connection open
2025-12-03 11:42:06,720 - INFO - Usuario conectado: ID 1 | Rol: founder
2025-12-03 11:45:53,746 - INFO - connection open
2025-12-03 11:45:53,756 - INFO - Usuario conectado: ID 1 | Rol: founder
2025-12-03 11:47:36,243 - INFO - connection open
2025-12-03 11:47:36,253 - INFO - Usuario conectado: ID 1 | Rol: founder
2025-12-03 11:49:37,297 - INFO - connection open
2025-12-03 11:49:37,329 - INFO - Usuario conectado: ID 1 | Rol: founder
2025-12-03 11:49:54,259 - INFO - connection open
2025-12-03 11:49:54,292 - INFO - Usuario conectado: ID 1 | Rol: founder
2025-12-03 11:50:48,085 - INFO - connection open
2025-12-03 11:50:48,109 - INFO - Usuario conectado: ID 1 | Rol: founder
2025-12-03 11:51:07,543 - INFO - connection open
2025-12-03 11:51:07,562 - INFO - Usuario conectado: ID 1 | Rol: founder
2025-12-03 11:57:14,126 - INFO - connection open
2025-12-03 11:57:14,146 - INFO - Usuario conectado: ID 1 | Rol: founder
2025-12-03 11:57:31,552 - INFO - connection open
2025-12-03 11:57:31,572 - INFO - Usuario conectado: ID 1 | Rol: founder
2025-12-03 12:03:35,543 - INFO - connection open
2025-12-03 12:03:35,562 - INFO - Usuario conectado: ID 1 | Rol: founder
2025-12-03 12:03:50,271 - INFO - connection open
2025-12-03 12:03:50,297 - INFO - Usuario conectado: ID 1 | Rol: founder
2025-12-03 12:07:00,378 - INFO - connection open
2025-12-03 12:07:00,407 - INFO - Usuario conectado: ID 1 | Rol: founder
2025-12-03 12:09:13,511 - INFO - connection open
2025-12-03 12:09:13,553 - INFO - Usuario conectado: ID 1 | Rol: founder
2025-12-03 12:09:15,409 - INFO - connection open
2025-12-03 12:09:15,435 - INFO - Usuario conectado: ID 1 | Rol: founder
2025-12-03 12:10:26,114 - INFO - connection open
2025-12-03 12:10:26,152 - INFO - Usuario conectado: ID 1 | Rol: founder
2025-12-03 12:16:43,049 - INFO - connection open
2025-12-03 12:16:43,070 - INFO - Usuario conectado: ID 1 | Rol: founder
2025-12-03 12:19:21,583 - INFO - connection open
2025-12-03 12:19:21,611 - INFO - Usuario conectado: ID 1 | Rol: founder
2025-12-03 12:20:36,212 - INFO - connection open
2025-12-03 12:20:36,221 - INFO - Usuario conectado: ID 1 | Rol: founder
2025-12-03 12:24:18,470 - INFO - connection open
2025-12-03 12:24:18,477 - INFO - Usuario conectado: ID 1 | Rol: founder
2025-12-03 12:29:13,326 - INFO - connection open
2025-12-03 12:29:13,334 - INFO - Usuario conectado: ID 1 | Rol: founder
2025-12-03 12:29:44,637 - INFO - connection open
2025-12-03 12:29:44,641 - INFO - Usuario conectado: ID 1 | Rol: founder
2025-12-03 12:58:26,522 - INFO - connection open
2025-12-03 12:58:27,023 - INFO - Usuario conectado: ID 1 | Rol: founder
2025-12-03 13:00:32,982 - INFO - connection open
2025-12-03 13:00:33,009 - INFO - Usuario conectado: ID 1 | Rol: founder
2025-12-03 13:01:44,119 - INFO - connection open
2025-12-03 13:01:44,256 - INFO - Usuario conectado: ID 1 | Rol: founder
2025-12-03 13:05:34,177 - INFO - connection open
2025-12-03 13:05:34,274 - INFO - Usuario conectado: ID 1 | Rol: founder
2025-12-03 13:05:51,679 - INFO - connection open
2025-12-03 13:05:51,707 - INFO - Usuario conectado: ID 1 | Rol: founder
2025-12-03 13:08:24,490 - INFO - connection open
2025-12-03 13:08:25,996 - INFO - Usuario conectado: ID 1 | Rol: founder
2025-12-03 13:08:54,617 - INFO - connection open
2025-12-03 13:08:54,621 - INFO - Usuario conectado: ID 1 | Rol: founder
2025-12-03 13:09:05,761 - INFO - connection open
2025-12-03 13:09:05,777 - INFO - Usuario conectado: ID 1 | Rol: founder
2025-12-03 13:16:02,880 - INFO - connection open
2025-12-03 13:16:02,883 - INFO - Usuario conectado: ID 1 | Rol: founder
2025-12-03 23:28:58,324 - INFO - connection open
2025-12-03 23:28:59,461 - INFO - Usuario conectado: ID 1 | Rol: founder
2025-12-03 23:29:18,314 - INFO - connection open
2025-12-03 23:29:18,318 - INFO - Usuario conectado: ID 1 | Rol: founder
2025-12-03 23:30:12,402 - INFO - connection open
2025-12-03 23:30:12,414 - INFO - Usuario conectado: ID 1 | Rol: founder
2025-12-03 23:30:29,826 - INFO - connection open
2025-12-03 23:30:29,834 - INFO - Usuario conectado: ID 1 | Rol: founder
2025-12-03 23:34:54,069 - INFO - connection open
2025-12-03 23:34:54,074 - INFO - Usuario conectado: ID 1 | Rol: founder
2025-12-03 23:45:09,198 - INFO - connection open
2025-12-03 23:45:09,202 - INFO - Usuario conectado: ID 1 | Rol: founder
2025-12-03 23:45:58,214 - INFO - 💾 Flushing 10 msgs from chat:buffer:private:1:2
2025-12-03 23:49:43,694 - INFO - connection open
2025-12-03 23:49:43,713 - INFO - Usuario conectado: ID 1 | Rol: founder
2025-12-03 23:49:49,748 - INFO - connection open
2025-12-03 23:49:49,755 - INFO - Usuario conectado: ID 1 | Rol: founder
2025-12-03 23:49:54,790 - INFO - connection open
2025-12-03 23:49:54,802 - INFO - Usuario conectado: ID 1 | Rol: founder
2025-12-03 23:50:04,943 - INFO - connection open
2025-12-03 23:50:04,949 - INFO - Usuario conectado: ID 1 | Rol: founder
2025-12-03 23:50:07,110 - INFO - connection open
2025-12-03 23:50:07,115 - INFO - Usuario conectado: ID 1 | Rol: founder
2025-12-03 23:50:24,466 - INFO - connection open
2025-12-03 23:50:24,473 - INFO - Usuario conectado: ID 1 | Rol: founder
2025-12-03 23:50:44,727 - INFO - connection open
2025-12-03 23:50:44,731 - INFO - Usuario conectado: ID 1 | Rol: founder
2025-12-03 23:50:47,870 - INFO - connection open
2025-12-03 23:50:47,876 - INFO - Usuario conectado: ID 1 | Rol: founder
2025-12-03 23:50:50,061 - INFO - connection open
2025-12-03 23:50:50,068 - INFO - Usuario conectado: ID 1 | Rol: founder
2025-12-03 23:50:58,923 - INFO - connection open
2025-12-03 23:50:58,931 - INFO - Usuario conectado: ID 1 | Rol: founder
2025-12-03 23:55:25,621 - INFO - connection open
2025-12-03 23:55:25,658 - INFO - Usuario conectado: ID 1 | Rol: founder
2025-12-03 23:57:22,043 - INFO - connection open
2025-12-03 23:57:22,048 - INFO - Usuario conectado: ID 1 | Rol: founder
2025-12-04 00:00:36,650 - INFO - connection open
2025-12-04 00:00:36,907 - INFO - connection open
2025-12-04 00:01:49,054 - INFO - connection open
2025-12-04 00:01:49,066 - INFO - Usuario conectado: ID 1 | Rol: founder
2025-12-04 00:02:18,518 - INFO - connection open
2025-12-04 00:02:18,534 - INFO - Usuario conectado: ID 1 | Rol: founder
2025-12-04 00:02:27,948 - INFO - connection open
2025-12-04 00:02:27,980 - INFO - Usuario conectado: ID 1 | Rol: founder
2025-12-04 00:02:35,347 - INFO - connection open
2025-12-04 00:02:35,428 - INFO - Usuario conectado: ID 1 | Rol: founder
2025-12-04 10:50:08,979 - INFO - connection open
2025-12-04 10:50:09,176 - ERROR - Exception in callback _ProactorBasePipeTransport._call_connection_lost()
handle: <Handle _ProactorBasePipeTransport._call_connection_lost()>
Traceback (most recent call last):
  File "C:\Users\jorge\AppData\Local\Programs\Python\Python313\Lib\asyncio\events.py", line 89, in _run
    self._context.run(self._callback, *self._args)
    ~~~~~~~~~~~~~~~~~^^^^^^^^^^^^^^^^^^^^^^^^^^^^^
  File "C:\Users\jorge\AppData\Local\Programs\Python\Python313\Lib\asyncio\proactor_events.py", line 165, in _call_connection_lost
    self._sock.shutdown(socket.SHUT_RDWR)
    ~~~~~~~~~~~~~~~~~~~^^^^^^^^^^^^^^^^^^
ConnectionResetError: [WinError 10054] Se ha forzado la interrupción de una conexión existente por el host remoto
2025-12-04 10:50:09,730 - INFO - Usuario conectado: ID 1 | Rol: founder
2025-12-04 10:54:27,512 - INFO - connection open
2025-12-04 10:54:27,518 - INFO - Usuario conectado: ID 1 | Rol: founder
2025-12-04 12:00:10,347 - INFO - connection open
2025-12-04 12:00:10,524 - INFO - Usuario conectado: ID 1 | Rol: user
2025-12-04 12:00:28,930 - INFO - connection open
2025-12-04 12:00:29,033 - INFO - Usuario conectado: ID 2 | Rol: user
2025-12-04 12:00:35,039 - INFO - connection open
2025-12-04 12:00:35,055 - INFO - Usuario conectado: ID 1 | Rol: user
2025-12-04 12:01:18,373 - INFO - connection open
2025-12-04 12:01:18,378 - INFO - Usuario conectado: ID 1 | Rol: founder
2025-12-04 12:01:32,058 - INFO - connection open
2025-12-04 12:01:34,102 - INFO - Usuario conectado: ID 1 | Rol: founder
2025-12-04 12:02:19,046 - INFO - connection open
2025-12-04 12:02:19,052 - INFO - Usuario conectado: ID 2 | Rol: user
2025-12-04 12:03:34,522 - INFO - connection open
2025-12-04 12:03:34,574 - INFO - Usuario conectado: ID 1 | Rol: founder
2025-12-04 12:13:36,563 - INFO - connection open
2025-12-04 12:13:36,619 - INFO - Usuario conectado: ID 1 | Rol: founder
2025-12-04 12:13:48,020 - INFO - connection open
2025-12-04 12:13:48,032 - INFO - Usuario conectado: ID 2 | Rol: user
2025-12-04 12:14:08,141 - INFO - connection open
2025-12-04 12:14:08,145 - INFO - Usuario conectado: ID 2 | Rol: user
2025-12-04 12:14:15,655 - INFO - connection open
2025-12-04 12:14:15,665 - INFO - Usuario conectado: ID 1 | Rol: founder
2025-12-04 12:14:34,386 - INFO - connection open
2025-12-04 12:14:34,388 - INFO - Usuario conectado: ID 2 | Rol: user
2025-12-04 12:14:41,788 - INFO - connection open
2025-12-04 12:14:41,810 - INFO - Usuario conectado: ID 1 | Rol: founder
2025-12-04 12:24:50,107 - INFO - connection open
2025-12-04 12:24:50,136 - INFO - Usuario conectado: ID 2 | Rol: user
2025-12-04 12:25:25,140 - INFO - connection open
2025-12-04 12:25:25,144 - INFO - Usuario conectado: ID 2 | Rol: user
2025-12-04 12:25:55,002 - INFO - connection open
2025-12-04 12:25:55,019 - INFO - Usuario conectado: ID 2 | Rol: user
2025-12-04 12:33:41,305 - INFO - connection open
2025-12-04 12:33:41,315 - INFO - Usuario conectado: ID 1 | Rol: founder
2025-12-04 12:33:41,578 - INFO - connection open
2025-12-04 12:33:41,639 - INFO - Usuario conectado: ID 2 | Rol: user
2025-12-04 12:33:44,232 - INFO - 💾 Flushing 10 msgs from chat:buffer:channel:1
2025-12-04 12:38:05,608 - INFO - === Servidor Aurora Iniciado (Modular) ===
2025-12-04 12:38:05,744 - INFO - ✅ DB Pool inicializado.
2025-12-04 12:38:05,745 - INFO - ✅ Redis inicializado.
2025-12-04 12:38:07,069 - INFO - server listening on 0.0.0.0:8080
2025-12-04 12:38:07,070 - INFO - 🚀 Websocket Server escuchando en 0.0.0.0:8080
2025-12-04 12:38:07,071 - INFO - 🌉 Bridge PHP escuchando en 127.0.0.1:8081
2025-12-04 12:38:08,579 - INFO - connection open
2025-12-04 12:38:08,583 - INFO - connection open
2025-12-04 12:39:23,147 - INFO - connection open
2025-12-04 12:39:23,158 - INFO - Usuario conectado: ID 1 | Rol: founder
2025-12-04 12:39:31,459 - INFO - connection open
2025-12-04 12:39:31,466 - INFO - Usuario conectado: ID 2 | Rol: user
2025-12-04 12:51:33,741 - INFO - connection open
2025-12-04 12:51:33,746 - INFO - Usuario conectado: ID 1 | Rol: user
2025-12-04 12:52:05,467 - INFO - connection open
2025-12-04 12:52:05,476 - INFO - Usuario conectado: ID 2 | Rol: user
2025-12-04 12:57:52,813 - INFO - connection open
2025-12-04 12:57:52,826 - INFO - Usuario conectado: ID 1 | Rol: founder
2025-12-04 12:57:54,344 - INFO - connection open
2025-12-04 12:57:54,348 - INFO - Usuario conectado: ID 2 | Rol: user
2025-12-04 12:58:46,533 - INFO - connection open
2025-12-04 12:58:46,538 - INFO - Usuario conectado: ID 2 | Rol: user
2025-12-04 12:59:02,902 - INFO - connection open
2025-12-04 12:59:02,931 - INFO - Usuario conectado: ID 1 | Rol: founder
2025-12-04 12:59:14,320 - INFO - connection open
2025-12-04 12:59:14,326 - INFO - Usuario conectado: ID 2 | Rol: user
2025-12-04 14:07:48,314 - INFO - === Servidor Aurora Iniciado (Modular) ===
2025-12-04 14:07:48,345 - INFO - ✅ DB Pool inicializado.
2025-12-04 14:07:48,348 - INFO - ✅ Redis inicializado.
2025-12-04 14:07:48,565 - INFO - server listening on 0.0.0.0:8080
2025-12-04 14:07:48,566 - INFO - 🚀 Websocket Server escuchando en 0.0.0.0:8080
2025-12-04 14:07:48,566 - INFO - 🌉 Bridge PHP escuchando en 127.0.0.1:8081
2025-12-04 14:07:49,125 - INFO - connection open
2025-12-04 14:07:49,526 - INFO - connection open
2025-12-04 14:07:54,790 - INFO - connection open
2025-12-04 14:07:54,810 - INFO - Usuario conectado: ID 1 | Rol: founder
2025-12-04 14:07:58,120 - INFO - connection open
2025-12-04 14:07:58,128 - INFO - Usuario conectado: ID 2 | Rol: user
2025-12-04 14:09:17,780 - INFO - 💾 Flushing 10 msgs from chat:buffer:channel:1
